ARM GAS  C:\Users\yomat\AppData\Local\Temp\ccZbU7wk.s 			page 1


   1              		.syntax unified
   2              		.cpu cortex-m4
   3              		.eabi_attribute 27, 1
   4              		.fpu fpv4-sp-d16
   5              		.eabi_attribute 20, 1
   6              		.eabi_attribute 21, 1
   7              		.eabi_attribute 23, 3
   8              		.eabi_attribute 24, 1
   9              		.eabi_attribute 25, 1
  10              		.eabi_attribute 26, 1
  11              		.eabi_attribute 30, 1
  12              		.eabi_attribute 34, 1
  13              		.eabi_attribute 18, 4
  14              		.thumb
  15              		.syntax unified
  16              		.file	"croutine.c"
  17              		.text
  18              	.Ltext0:
  19              		.cfi_sections	.debug_frame
  20              	.Letext0:
  21              		.file 1 "c:\\program files (x86)\\cypress\\psoc creator\\4.4\\psoc creator\\import\\gnu\\arm\\5.4.
  22              		.file 2 "c:\\program files (x86)\\cypress\\psoc creator\\4.4\\psoc creator\\import\\gnu\\arm\\5.4.
  23              		.file 3 "Generated_Source\\PSoC6\\pdl\\drivers/peripheral/device/cy_device.h"
  24              		.file 4 "Generated_Source\\PSoC6\\pdl\\drivers/peripheral/scb/cy_scb_i2c.h"
  25              		.file 5 "Generated_Source\\PSoC6\\pdl\\drivers/peripheral/scb/cy_scb_uart.h"
  26              		.file 6 "Generated_Source\\PSoC6\\pdl\\drivers/peripheral/tcpwm/cy_tcpwm_pwm.h"
  27              		.file 7 "Generated_Source\\PSoC6\\pdl\\middleware/ble/cy_ble_stack_host_main.h"
  28              		.file 8 "Generated_Source\\PSoC6\\pdl\\middleware/ble/cy_ble_gap.h"
  29              		.file 9 "Generated_Source\\PSoC6\\pdl\\cmsis/include/core_cm4.h"
  30              		.file 10 "Generated_Source\\PSoC6/UART.h"
  31              		.file 11 "Generated_Source\\PSoC6/I2C_1.h"
  32              		.file 12 "Generated_Source\\PSoC6/I2C_2.h"
  33              		.file 13 "Generated_Source\\PSoC6/PWM_AFE.h"
  34              		.file 14 "Generated_Source\\PSoC6/PWM.h"
  35              		.file 15 "Generated_Source\\PSoC6/PWM_CYC.h"
  36              		.file 16 "Generated_Source\\PSoC6/PWM_TIM.h"
  37              		.section	.debug_info,"",%progbits
  38              	.Ldebug_info0:
  39 0000 460A0000 		.4byte	0xa46
  40 0004 0400     		.2byte	0x4
  41 0006 00000000 		.4byte	.Ldebug_abbrev0
  42 000a 04       		.byte	0x4
  43 000b 01       		.uleb128 0x1
  44 000c 8F070000 		.4byte	.LASF213
  45 0010 0C       		.byte	0xc
  46 0011 A5050000 		.4byte	.LASF214
  47 0015 4B030000 		.4byte	.LASF215
  48 0019 00000000 		.4byte	.Ldebug_line0
  49 001d 02       		.uleb128 0x2
  50 001e 04       		.byte	0x4
  51 001f 05       		.byte	0x5
  52 0020 696E7400 		.ascii	"int\000"
  53 0024 03       		.uleb128 0x3
  54 0025 04       		.byte	0x4
  55 0026 07       		.byte	0x7
  56 0027 60040000 		.4byte	.LASF0
  57 002b 03       		.uleb128 0x3
ARM GAS  C:\Users\yomat\AppData\Local\Temp\ccZbU7wk.s 			page 2


  58 002c 08       		.byte	0x8
  59 002d 05       		.byte	0x5
  60 002e 0A040000 		.4byte	.LASF1
  61 0032 03       		.uleb128 0x3
  62 0033 08       		.byte	0x8
  63 0034 04       		.byte	0x4
  64 0035 BA060000 		.4byte	.LASF2
  65 0039 03       		.uleb128 0x3
  66 003a 01       		.byte	0x1
  67 003b 06       		.byte	0x6
  68 003c DF010000 		.4byte	.LASF3
  69 0040 04       		.uleb128 0x4
  70 0041 AF000000 		.4byte	.LASF5
  71 0045 01       		.byte	0x1
  72 0046 1D       		.byte	0x1d
  73 0047 4B000000 		.4byte	0x4b
  74 004b 03       		.uleb128 0x3
  75 004c 01       		.byte	0x1
  76 004d 08       		.byte	0x8
  77 004e 13090000 		.4byte	.LASF4
  78 0052 04       		.uleb128 0x4
  79 0053 F7030000 		.4byte	.LASF6
  80 0057 01       		.byte	0x1
  81 0058 29       		.byte	0x29
  82 0059 5D000000 		.4byte	0x5d
  83 005d 03       		.uleb128 0x3
  84 005e 02       		.byte	0x2
  85 005f 05       		.byte	0x5
  86 0060 14060000 		.4byte	.LASF7
  87 0064 04       		.uleb128 0x4
  88 0065 1B0B0000 		.4byte	.LASF8
  89 0069 01       		.byte	0x1
  90 006a 2B       		.byte	0x2b
  91 006b 6F000000 		.4byte	0x6f
  92 006f 03       		.uleb128 0x3
  93 0070 02       		.byte	0x2
  94 0071 07       		.byte	0x7
  95 0072 A3030000 		.4byte	.LASF9
  96 0076 04       		.uleb128 0x4
  97 0077 5D0B0000 		.4byte	.LASF10
  98 007b 01       		.byte	0x1
  99 007c 3F       		.byte	0x3f
 100 007d 81000000 		.4byte	0x81
 101 0081 03       		.uleb128 0x3
 102 0082 04       		.byte	0x4
 103 0083 05       		.byte	0x5
 104 0084 BA020000 		.4byte	.LASF11
 105 0088 04       		.uleb128 0x4
 106 0089 DC030000 		.4byte	.LASF12
 107 008d 01       		.byte	0x1
 108 008e 41       		.byte	0x41
 109 008f 93000000 		.4byte	0x93
 110 0093 03       		.uleb128 0x3
 111 0094 04       		.byte	0x4
 112 0095 07       		.byte	0x7
 113 0096 EA040000 		.4byte	.LASF13
 114 009a 03       		.uleb128 0x3
ARM GAS  C:\Users\yomat\AppData\Local\Temp\ccZbU7wk.s 			page 3


 115 009b 08       		.byte	0x8
 116 009c 07       		.byte	0x7
 117 009d 06010000 		.4byte	.LASF14
 118 00a1 04       		.uleb128 0x4
 119 00a2 2F0D0000 		.4byte	.LASF15
 120 00a6 02       		.byte	0x2
 121 00a7 18       		.byte	0x18
 122 00a8 40000000 		.4byte	0x40
 123 00ac 04       		.uleb128 0x4
 124 00ad BE010000 		.4byte	.LASF16
 125 00b1 02       		.byte	0x2
 126 00b2 20       		.byte	0x20
 127 00b3 52000000 		.4byte	0x52
 128 00b7 04       		.uleb128 0x4
 129 00b8 1B030000 		.4byte	.LASF17
 130 00bc 02       		.byte	0x2
 131 00bd 24       		.byte	0x24
 132 00be 64000000 		.4byte	0x64
 133 00c2 04       		.uleb128 0x4
 134 00c3 0B090000 		.4byte	.LASF18
 135 00c7 02       		.byte	0x2
 136 00c8 2C       		.byte	0x2c
 137 00c9 76000000 		.4byte	0x76
 138 00cd 04       		.uleb128 0x4
 139 00ce 490E0000 		.4byte	.LASF19
 140 00d2 02       		.byte	0x2
 141 00d3 30       		.byte	0x30
 142 00d4 88000000 		.4byte	0x88
 143 00d8 05       		.uleb128 0x5
 144 00d9 CD000000 		.4byte	0xcd
 145 00dd 03       		.uleb128 0x3
 146 00de 04       		.byte	0x4
 147 00df 07       		.byte	0x7
 148 00e0 5D0D0000 		.4byte	.LASF20
 149 00e4 06       		.uleb128 0x6
 150 00e5 B8       		.byte	0xb8
 151 00e6 03       		.byte	0x3
 152 00e7 34       		.byte	0x34
 153 00e8 F5040000 		.4byte	0x4f5
 154 00ec 07       		.uleb128 0x7
 155 00ed ED000000 		.4byte	.LASF21
 156 00f1 03       		.byte	0x3
 157 00f2 37       		.byte	0x37
 158 00f3 CD000000 		.4byte	0xcd
 159 00f7 00       		.byte	0
 160 00f8 07       		.uleb128 0x7
 161 00f9 D1030000 		.4byte	.LASF22
 162 00fd 03       		.byte	0x3
 163 00fe 38       		.byte	0x38
 164 00ff CD000000 		.4byte	0xcd
 165 0103 04       		.byte	0x4
 166 0104 07       		.uleb128 0x7
 167 0105 01030000 		.4byte	.LASF23
 168 0109 03       		.byte	0x3
 169 010a 39       		.byte	0x39
 170 010b CD000000 		.4byte	0xcd
 171 010f 08       		.byte	0x8
ARM GAS  C:\Users\yomat\AppData\Local\Temp\ccZbU7wk.s 			page 4


 172 0110 07       		.uleb128 0x7
 173 0111 CA080000 		.4byte	.LASF24
 174 0115 03       		.byte	0x3
 175 0116 3A       		.byte	0x3a
 176 0117 CD000000 		.4byte	0xcd
 177 011b 0C       		.byte	0xc
 178 011c 07       		.uleb128 0x7
 179 011d 3A060000 		.4byte	.LASF25
 180 0121 03       		.byte	0x3
 181 0122 3B       		.byte	0x3b
 182 0123 CD000000 		.4byte	0xcd
 183 0127 10       		.byte	0x10
 184 0128 07       		.uleb128 0x7
 185 0129 74020000 		.4byte	.LASF26
 186 012d 03       		.byte	0x3
 187 012e 3C       		.byte	0x3c
 188 012f CD000000 		.4byte	0xcd
 189 0133 14       		.byte	0x14
 190 0134 07       		.uleb128 0x7
 191 0135 960B0000 		.4byte	.LASF27
 192 0139 03       		.byte	0x3
 193 013a 3D       		.byte	0x3d
 194 013b CD000000 		.4byte	0xcd
 195 013f 18       		.byte	0x18
 196 0140 07       		.uleb128 0x7
 197 0141 8A000000 		.4byte	.LASF28
 198 0145 03       		.byte	0x3
 199 0146 3E       		.byte	0x3e
 200 0147 CD000000 		.4byte	0xcd
 201 014b 1C       		.byte	0x1c
 202 014c 07       		.uleb128 0x7
 203 014d CF0D0000 		.4byte	.LASF29
 204 0151 03       		.byte	0x3
 205 0152 3F       		.byte	0x3f
 206 0153 CD000000 		.4byte	0xcd
 207 0157 20       		.byte	0x20
 208 0158 07       		.uleb128 0x7
 209 0159 7D060000 		.4byte	.LASF30
 210 015d 03       		.byte	0x3
 211 015e 40       		.byte	0x40
 212 015f CD000000 		.4byte	0xcd
 213 0163 24       		.byte	0x24
 214 0164 07       		.uleb128 0x7
 215 0165 3C0E0000 		.4byte	.LASF31
 216 0169 03       		.byte	0x3
 217 016a 43       		.byte	0x43
 218 016b A1000000 		.4byte	0xa1
 219 016f 28       		.byte	0x28
 220 0170 07       		.uleb128 0x7
 221 0171 70000000 		.4byte	.LASF32
 222 0175 03       		.byte	0x3
 223 0176 44       		.byte	0x44
 224 0177 A1000000 		.4byte	0xa1
 225 017b 29       		.byte	0x29
 226 017c 07       		.uleb128 0x7
 227 017d C50D0000 		.4byte	.LASF33
 228 0181 03       		.byte	0x3
ARM GAS  C:\Users\yomat\AppData\Local\Temp\ccZbU7wk.s 			page 5


 229 0182 45       		.byte	0x45
 230 0183 A1000000 		.4byte	0xa1
 231 0187 2A       		.byte	0x2a
 232 0188 07       		.uleb128 0x7
 233 0189 63070000 		.4byte	.LASF34
 234 018d 03       		.byte	0x3
 235 018e 46       		.byte	0x46
 236 018f A1000000 		.4byte	0xa1
 237 0193 2B       		.byte	0x2b
 238 0194 07       		.uleb128 0x7
 239 0195 F8050000 		.4byte	.LASF35
 240 0199 03       		.byte	0x3
 241 019a 47       		.byte	0x47
 242 019b A1000000 		.4byte	0xa1
 243 019f 2C       		.byte	0x2c
 244 01a0 07       		.uleb128 0x7
 245 01a1 770B0000 		.4byte	.LASF36
 246 01a5 03       		.byte	0x3
 247 01a6 48       		.byte	0x48
 248 01a7 A1000000 		.4byte	0xa1
 249 01ab 2D       		.byte	0x2d
 250 01ac 07       		.uleb128 0x7
 251 01ad 25020000 		.4byte	.LASF37
 252 01b1 03       		.byte	0x3
 253 01b2 49       		.byte	0x49
 254 01b3 A1000000 		.4byte	0xa1
 255 01b7 2E       		.byte	0x2e
 256 01b8 07       		.uleb128 0x7
 257 01b9 BF090000 		.4byte	.LASF38
 258 01bd 03       		.byte	0x3
 259 01be 4A       		.byte	0x4a
 260 01bf A1000000 		.4byte	0xa1
 261 01c3 2F       		.byte	0x2f
 262 01c4 07       		.uleb128 0x7
 263 01c5 9A040000 		.4byte	.LASF39
 264 01c9 03       		.byte	0x3
 265 01ca 4B       		.byte	0x4b
 266 01cb A1000000 		.4byte	0xa1
 267 01cf 30       		.byte	0x30
 268 01d0 07       		.uleb128 0x7
 269 01d1 28050000 		.4byte	.LASF40
 270 01d5 03       		.byte	0x3
 271 01d6 4E       		.byte	0x4e
 272 01d7 A1000000 		.4byte	0xa1
 273 01db 31       		.byte	0x31
 274 01dc 07       		.uleb128 0x7
 275 01dd A1000000 		.4byte	.LASF41
 276 01e1 03       		.byte	0x3
 277 01e2 4F       		.byte	0x4f
 278 01e3 A1000000 		.4byte	0xa1
 279 01e7 32       		.byte	0x32
 280 01e8 07       		.uleb128 0x7
 281 01e9 33050000 		.4byte	.LASF42
 282 01ed 03       		.byte	0x3
 283 01ee 50       		.byte	0x50
 284 01ef A1000000 		.4byte	0xa1
 285 01f3 33       		.byte	0x33
ARM GAS  C:\Users\yomat\AppData\Local\Temp\ccZbU7wk.s 			page 6


 286 01f4 07       		.uleb128 0x7
 287 01f5 C5000000 		.4byte	.LASF43
 288 01f9 03       		.byte	0x3
 289 01fa 51       		.byte	0x51
 290 01fb A1000000 		.4byte	0xa1
 291 01ff 34       		.byte	0x34
 292 0200 07       		.uleb128 0x7
 293 0201 150C0000 		.4byte	.LASF44
 294 0205 03       		.byte	0x3
 295 0206 52       		.byte	0x52
 296 0207 AC000000 		.4byte	0xac
 297 020b 36       		.byte	0x36
 298 020c 07       		.uleb128 0x7
 299 020d 7C0A0000 		.4byte	.LASF45
 300 0211 03       		.byte	0x3
 301 0212 53       		.byte	0x53
 302 0213 AC000000 		.4byte	0xac
 303 0217 38       		.byte	0x38
 304 0218 07       		.uleb128 0x7
 305 0219 CE0C0000 		.4byte	.LASF46
 306 021d 03       		.byte	0x3
 307 021e 54       		.byte	0x54
 308 021f AC000000 		.4byte	0xac
 309 0223 3A       		.byte	0x3a
 310 0224 07       		.uleb128 0x7
 311 0225 65020000 		.4byte	.LASF47
 312 0229 03       		.byte	0x3
 313 022a 55       		.byte	0x55
 314 022b A1000000 		.4byte	0xa1
 315 022f 3C       		.byte	0x3c
 316 0230 07       		.uleb128 0x7
 317 0231 40030000 		.4byte	.LASF48
 318 0235 03       		.byte	0x3
 319 0236 56       		.byte	0x56
 320 0237 A1000000 		.4byte	0xa1
 321 023b 3D       		.byte	0x3d
 322 023c 07       		.uleb128 0x7
 323 023d 1A000000 		.4byte	.LASF49
 324 0241 03       		.byte	0x3
 325 0242 57       		.byte	0x57
 326 0243 A1000000 		.4byte	0xa1
 327 0247 3E       		.byte	0x3e
 328 0248 07       		.uleb128 0x7
 329 0249 7E000000 		.4byte	.LASF50
 330 024d 03       		.byte	0x3
 331 024e 58       		.byte	0x58
 332 024f A1000000 		.4byte	0xa1
 333 0253 3F       		.byte	0x3f
 334 0254 07       		.uleb128 0x7
 335 0255 71070000 		.4byte	.LASF51
 336 0259 03       		.byte	0x3
 337 025a 59       		.byte	0x59
 338 025b A1000000 		.4byte	0xa1
 339 025f 40       		.byte	0x40
 340 0260 07       		.uleb128 0x7
 341 0261 E7030000 		.4byte	.LASF52
 342 0265 03       		.byte	0x3
ARM GAS  C:\Users\yomat\AppData\Local\Temp\ccZbU7wk.s 			page 7


 343 0266 5A       		.byte	0x5a
 344 0267 A1000000 		.4byte	0xa1
 345 026b 41       		.byte	0x41
 346 026c 07       		.uleb128 0x7
 347 026d 23070000 		.4byte	.LASF53
 348 0271 03       		.byte	0x3
 349 0272 5B       		.byte	0x5b
 350 0273 A1000000 		.4byte	0xa1
 351 0277 42       		.byte	0x42
 352 0278 07       		.uleb128 0x7
 353 0279 4F070000 		.4byte	.LASF54
 354 027d 03       		.byte	0x3
 355 027e 5C       		.byte	0x5c
 356 027f A1000000 		.4byte	0xa1
 357 0283 43       		.byte	0x43
 358 0284 07       		.uleb128 0x7
 359 0285 0A030000 		.4byte	.LASF55
 360 0289 03       		.byte	0x3
 361 028a 5D       		.byte	0x5d
 362 028b A1000000 		.4byte	0xa1
 363 028f 44       		.byte	0x44
 364 0290 07       		.uleb128 0x7
 365 0291 00000000 		.4byte	.LASF56
 366 0295 03       		.byte	0x3
 367 0296 5E       		.byte	0x5e
 368 0297 CD000000 		.4byte	0xcd
 369 029b 48       		.byte	0x48
 370 029c 07       		.uleb128 0x7
 371 029d DE020000 		.4byte	.LASF57
 372 02a1 03       		.byte	0x3
 373 02a2 5F       		.byte	0x5f
 374 02a3 CD000000 		.4byte	0xcd
 375 02a7 4C       		.byte	0x4c
 376 02a8 07       		.uleb128 0x7
 377 02a9 520E0000 		.4byte	.LASF58
 378 02ad 03       		.byte	0x3
 379 02ae 60       		.byte	0x60
 380 02af A1000000 		.4byte	0xa1
 381 02b3 50       		.byte	0x50
 382 02b4 07       		.uleb128 0x7
 383 02b5 6F010000 		.4byte	.LASF59
 384 02b9 03       		.byte	0x3
 385 02ba 61       		.byte	0x61
 386 02bb A1000000 		.4byte	0xa1
 387 02bf 51       		.byte	0x51
 388 02c0 07       		.uleb128 0x7
 389 02c1 060D0000 		.4byte	.LASF60
 390 02c5 03       		.byte	0x3
 391 02c6 62       		.byte	0x62
 392 02c7 A1000000 		.4byte	0xa1
 393 02cb 52       		.byte	0x52
 394 02cc 07       		.uleb128 0x7
 395 02cd 840B0000 		.4byte	.LASF61
 396 02d1 03       		.byte	0x3
 397 02d2 63       		.byte	0x63
 398 02d3 A1000000 		.4byte	0xa1
 399 02d7 53       		.byte	0x53
ARM GAS  C:\Users\yomat\AppData\Local\Temp\ccZbU7wk.s 			page 8


 400 02d8 07       		.uleb128 0x7
 401 02d9 BA080000 		.4byte	.LASF62
 402 02dd 03       		.byte	0x3
 403 02de 64       		.byte	0x64
 404 02df A1000000 		.4byte	0xa1
 405 02e3 54       		.byte	0x54
 406 02e4 07       		.uleb128 0x7
 407 02e5 AA010000 		.4byte	.LASF63
 408 02e9 03       		.byte	0x3
 409 02ea 65       		.byte	0x65
 410 02eb A1000000 		.4byte	0xa1
 411 02ef 55       		.byte	0x55
 412 02f0 07       		.uleb128 0x7
 413 02f1 070B0000 		.4byte	.LASF64
 414 02f5 03       		.byte	0x3
 415 02f6 66       		.byte	0x66
 416 02f7 A1000000 		.4byte	0xa1
 417 02fb 56       		.byte	0x56
 418 02fc 07       		.uleb128 0x7
 419 02fd DA090000 		.4byte	.LASF65
 420 0301 03       		.byte	0x3
 421 0302 67       		.byte	0x67
 422 0303 A1000000 		.4byte	0xa1
 423 0307 57       		.byte	0x57
 424 0308 07       		.uleb128 0x7
 425 0309 32000000 		.4byte	.LASF66
 426 030d 03       		.byte	0x3
 427 030e 68       		.byte	0x68
 428 030f A1000000 		.4byte	0xa1
 429 0313 58       		.byte	0x58
 430 0314 07       		.uleb128 0x7
 431 0315 21090000 		.4byte	.LASF67
 432 0319 03       		.byte	0x3
 433 031a 69       		.byte	0x69
 434 031b A1000000 		.4byte	0xa1
 435 031f 59       		.byte	0x59
 436 0320 07       		.uleb128 0x7
 437 0321 AF060000 		.4byte	.LASF68
 438 0325 03       		.byte	0x3
 439 0326 6E       		.byte	0x6e
 440 0327 B7000000 		.4byte	0xb7
 441 032b 5A       		.byte	0x5a
 442 032c 07       		.uleb128 0x7
 443 032d F40B0000 		.4byte	.LASF69
 444 0331 03       		.byte	0x3
 445 0332 6F       		.byte	0x6f
 446 0333 B7000000 		.4byte	0xb7
 447 0337 5C       		.byte	0x5c
 448 0338 07       		.uleb128 0x7
 449 0339 F7000000 		.4byte	.LASF70
 450 033d 03       		.byte	0x3
 451 033e 70       		.byte	0x70
 452 033f A1000000 		.4byte	0xa1
 453 0343 5E       		.byte	0x5e
 454 0344 07       		.uleb128 0x7
 455 0345 93080000 		.4byte	.LASF71
 456 0349 03       		.byte	0x3
ARM GAS  C:\Users\yomat\AppData\Local\Temp\ccZbU7wk.s 			page 9


 457 034a 71       		.byte	0x71
 458 034b A1000000 		.4byte	0xa1
 459 034f 5F       		.byte	0x5f
 460 0350 07       		.uleb128 0x7
 461 0351 3E070000 		.4byte	.LASF72
 462 0355 03       		.byte	0x3
 463 0356 72       		.byte	0x72
 464 0357 A1000000 		.4byte	0xa1
 465 035b 60       		.byte	0x60
 466 035c 07       		.uleb128 0x7
 467 035d 6C080000 		.4byte	.LASF73
 468 0361 03       		.byte	0x3
 469 0362 73       		.byte	0x73
 470 0363 CD000000 		.4byte	0xcd
 471 0367 64       		.byte	0x64
 472 0368 07       		.uleb128 0x7
 473 0369 2C010000 		.4byte	.LASF74
 474 036d 03       		.byte	0x3
 475 036e 76       		.byte	0x76
 476 036f B7000000 		.4byte	0xb7
 477 0373 68       		.byte	0x68
 478 0374 07       		.uleb128 0x7
 479 0375 B6040000 		.4byte	.LASF75
 480 0379 03       		.byte	0x3
 481 037a 77       		.byte	0x77
 482 037b B7000000 		.4byte	0xb7
 483 037f 6A       		.byte	0x6a
 484 0380 07       		.uleb128 0x7
 485 0381 60050000 		.4byte	.LASF76
 486 0385 03       		.byte	0x3
 487 0386 78       		.byte	0x78
 488 0387 B7000000 		.4byte	0xb7
 489 038b 6C       		.byte	0x6c
 490 038c 07       		.uleb128 0x7
 491 038d 870A0000 		.4byte	.LASF77
 492 0391 03       		.byte	0x3
 493 0392 79       		.byte	0x79
 494 0393 B7000000 		.4byte	0xb7
 495 0397 6E       		.byte	0x6e
 496 0398 07       		.uleb128 0x7
 497 0399 D6040000 		.4byte	.LASF78
 498 039d 03       		.byte	0x3
 499 039e 7B       		.byte	0x7b
 500 039f A1000000 		.4byte	0xa1
 501 03a3 70       		.byte	0x70
 502 03a4 07       		.uleb128 0x7
 503 03a5 EB010000 		.4byte	.LASF79
 504 03a9 03       		.byte	0x3
 505 03aa 7C       		.byte	0x7c
 506 03ab A1000000 		.4byte	0xa1
 507 03af 71       		.byte	0x71
 508 03b0 07       		.uleb128 0x7
 509 03b1 D70D0000 		.4byte	.LASF80
 510 03b5 03       		.byte	0x3
 511 03b6 7D       		.byte	0x7d
 512 03b7 A1000000 		.4byte	0xa1
 513 03bb 72       		.byte	0x72
ARM GAS  C:\Users\yomat\AppData\Local\Temp\ccZbU7wk.s 			page 10


 514 03bc 07       		.uleb128 0x7
 515 03bd 0C070000 		.4byte	.LASF81
 516 03c1 03       		.byte	0x3
 517 03c2 7E       		.byte	0x7e
 518 03c3 A1000000 		.4byte	0xa1
 519 03c7 73       		.byte	0x73
 520 03c8 07       		.uleb128 0x7
 521 03c9 91030000 		.4byte	.LASF82
 522 03cd 03       		.byte	0x3
 523 03ce 80       		.byte	0x80
 524 03cf B7000000 		.4byte	0xb7
 525 03d3 74       		.byte	0x74
 526 03d4 07       		.uleb128 0x7
 527 03d5 4A0B0000 		.4byte	.LASF83
 528 03d9 03       		.byte	0x3
 529 03da 81       		.byte	0x81
 530 03db B7000000 		.4byte	0xb7
 531 03df 76       		.byte	0x76
 532 03e0 07       		.uleb128 0x7
 533 03e1 2B030000 		.4byte	.LASF84
 534 03e5 03       		.byte	0x3
 535 03e6 82       		.byte	0x82
 536 03e7 B7000000 		.4byte	0xb7
 537 03eb 78       		.byte	0x78
 538 03ec 07       		.uleb128 0x7
 539 03ed 56090000 		.4byte	.LASF85
 540 03f1 03       		.byte	0x3
 541 03f2 83       		.byte	0x83
 542 03f3 B7000000 		.4byte	0xb7
 543 03f7 7A       		.byte	0x7a
 544 03f8 07       		.uleb128 0x7
 545 03f9 EC020000 		.4byte	.LASF86
 546 03fd 03       		.byte	0x3
 547 03fe 86       		.byte	0x86
 548 03ff A1000000 		.4byte	0xa1
 549 0403 7C       		.byte	0x7c
 550 0404 07       		.uleb128 0x7
 551 0405 E7050000 		.4byte	.LASF87
 552 0409 03       		.byte	0x3
 553 040a 87       		.byte	0x87
 554 040b A1000000 		.4byte	0xa1
 555 040f 7D       		.byte	0x7d
 556 0410 07       		.uleb128 0x7
 557 0411 46000000 		.4byte	.LASF88
 558 0415 03       		.byte	0x3
 559 0416 88       		.byte	0x88
 560 0417 A1000000 		.4byte	0xa1
 561 041b 7E       		.byte	0x7e
 562 041c 07       		.uleb128 0x7
 563 041d B6030000 		.4byte	.LASF89
 564 0421 03       		.byte	0x3
 565 0422 89       		.byte	0x89
 566 0423 A1000000 		.4byte	0xa1
 567 0427 7F       		.byte	0x7f
 568 0428 07       		.uleb128 0x7
 569 0429 37040000 		.4byte	.LASF90
 570 042d 03       		.byte	0x3
ARM GAS  C:\Users\yomat\AppData\Local\Temp\ccZbU7wk.s 			page 11


 571 042e 8A       		.byte	0x8a
 572 042f A1000000 		.4byte	0xa1
 573 0433 80       		.byte	0x80
 574 0434 07       		.uleb128 0x7
 575 0435 60060000 		.4byte	.LASF91
 576 0439 03       		.byte	0x3
 577 043a 8D       		.byte	0x8d
 578 043b CD000000 		.4byte	0xcd
 579 043f 84       		.byte	0x84
 580 0440 07       		.uleb128 0x7
 581 0441 D6000000 		.4byte	.LASF92
 582 0445 03       		.byte	0x3
 583 0446 8E       		.byte	0x8e
 584 0447 CD000000 		.4byte	0xcd
 585 044b 88       		.byte	0x88
 586 044c 07       		.uleb128 0x7
 587 044d 400C0000 		.4byte	.LASF93
 588 0451 03       		.byte	0x3
 589 0452 8F       		.byte	0x8f
 590 0453 CD000000 		.4byte	0xcd
 591 0457 8C       		.byte	0x8c
 592 0458 07       		.uleb128 0x7
 593 0459 4B040000 		.4byte	.LASF94
 594 045d 03       		.byte	0x3
 595 045e 90       		.byte	0x90
 596 045f CD000000 		.4byte	0xcd
 597 0463 90       		.byte	0x90
 598 0464 07       		.uleb128 0x7
 599 0465 18040000 		.4byte	.LASF95
 600 0469 03       		.byte	0x3
 601 046a 91       		.byte	0x91
 602 046b CD000000 		.4byte	0xcd
 603 046f 94       		.byte	0x94
 604 0470 07       		.uleb128 0x7
 605 0471 0F020000 		.4byte	.LASF96
 606 0475 03       		.byte	0x3
 607 0476 92       		.byte	0x92
 608 0477 CD000000 		.4byte	0xcd
 609 047b 98       		.byte	0x98
 610 047c 07       		.uleb128 0x7
 611 047d 9E0D0000 		.4byte	.LASF97
 612 0481 03       		.byte	0x3
 613 0482 93       		.byte	0x93
 614 0483 CD000000 		.4byte	0xcd
 615 0487 9C       		.byte	0x9c
 616 0488 07       		.uleb128 0x7
 617 0489 46010000 		.4byte	.LASF98
 618 048d 03       		.byte	0x3
 619 048e 94       		.byte	0x94
 620 048f CD000000 		.4byte	0xcd
 621 0493 A0       		.byte	0xa0
 622 0494 07       		.uleb128 0x7
 623 0495 30020000 		.4byte	.LASF99
 624 0499 03       		.byte	0x3
 625 049a 95       		.byte	0x95
 626 049b B7000000 		.4byte	0xb7
 627 049f A4       		.byte	0xa4
ARM GAS  C:\Users\yomat\AppData\Local\Temp\ccZbU7wk.s 			page 12


 628 04a0 07       		.uleb128 0x7
 629 04a1 E30C0000 		.4byte	.LASF100
 630 04a5 03       		.byte	0x3
 631 04a6 96       		.byte	0x96
 632 04a7 B7000000 		.4byte	0xb7
 633 04ab A6       		.byte	0xa6
 634 04ac 07       		.uleb128 0x7
 635 04ad 87080000 		.4byte	.LASF101
 636 04b1 03       		.byte	0x3
 637 04b2 97       		.byte	0x97
 638 04b3 B7000000 		.4byte	0xb7
 639 04b7 A8       		.byte	0xa8
 640 04b8 07       		.uleb128 0x7
 641 04b9 93090000 		.4byte	.LASF102
 642 04bd 03       		.byte	0x3
 643 04be 98       		.byte	0x98
 644 04bf B7000000 		.4byte	0xb7
 645 04c3 AA       		.byte	0xaa
 646 04c4 07       		.uleb128 0x7
 647 04c5 6F050000 		.4byte	.LASF103
 648 04c9 03       		.byte	0x3
 649 04ca 99       		.byte	0x99
 650 04cb B7000000 		.4byte	0xb7
 651 04cf AC       		.byte	0xac
 652 04d0 07       		.uleb128 0x7
 653 04d1 93000000 		.4byte	.LASF104
 654 04d5 03       		.byte	0x3
 655 04d6 9A       		.byte	0x9a
 656 04d7 B7000000 		.4byte	0xb7
 657 04db AE       		.byte	0xae
 658 04dc 07       		.uleb128 0x7
 659 04dd FD0B0000 		.4byte	.LASF105
 660 04e1 03       		.byte	0x3
 661 04e2 9D       		.byte	0x9d
 662 04e3 B7000000 		.4byte	0xb7
 663 04e7 B0       		.byte	0xb0
 664 04e8 07       		.uleb128 0x7
 665 04e9 42090000 		.4byte	.LASF106
 666 04ed 03       		.byte	0x3
 667 04ee 9E       		.byte	0x9e
 668 04ef CD000000 		.4byte	0xcd
 669 04f3 B4       		.byte	0xb4
 670 04f4 00       		.byte	0
 671 04f5 04       		.uleb128 0x4
 672 04f6 04060000 		.4byte	.LASF107
 673 04fa 03       		.byte	0x3
 674 04fb 9F       		.byte	0x9f
 675 04fc E4000000 		.4byte	0xe4
 676 0500 03       		.uleb128 0x3
 677 0501 01       		.byte	0x1
 678 0502 08       		.byte	0x8
 679 0503 D80A0000 		.4byte	.LASF108
 680 0507 03       		.uleb128 0x3
 681 0508 04       		.byte	0x4
 682 0509 04       		.byte	0x4
 683 050a 66080000 		.4byte	.LASF109
 684 050e 03       		.uleb128 0x3
ARM GAS  C:\Users\yomat\AppData\Local\Temp\ccZbU7wk.s 			page 13


 685 050f 08       		.byte	0x8
 686 0510 04       		.byte	0x4
 687 0511 24030000 		.4byte	.LASF110
 688 0515 08       		.uleb128 0x8
 689 0516 04       		.byte	0x4
 690 0517 03       		.uleb128 0x3
 691 0518 01       		.byte	0x1
 692 0519 02       		.byte	0x2
 693 051a 050E0000 		.4byte	.LASF111
 694 051e 09       		.uleb128 0x9
 695 051f 01       		.byte	0x1
 696 0520 4B000000 		.4byte	0x4b
 697 0524 04       		.byte	0x4
 698 0525 2402     		.2byte	0x224
 699 0527 38050000 		.4byte	0x538
 700 052b 0A       		.uleb128 0xa
 701 052c 2F070000 		.4byte	.LASF112
 702 0530 00       		.byte	0
 703 0531 0A       		.uleb128 0xa
 704 0532 CF020000 		.4byte	.LASF113
 705 0536 01       		.byte	0x1
 706 0537 00       		.byte	0
 707 0538 0B       		.uleb128 0xb
 708 0539 88060000 		.4byte	.LASF114
 709 053d 04       		.byte	0x4
 710 053e 2702     		.2byte	0x227
 711 0540 1E050000 		.4byte	0x51e
 712 0544 0B       		.uleb128 0xb
 713 0545 9C020000 		.4byte	.LASF115
 714 0549 04       		.byte	0x4
 715 054a 3902     		.2byte	0x239
 716 054c 50050000 		.4byte	0x550
 717 0550 0C       		.uleb128 0xc
 718 0551 04       		.byte	0x4
 719 0552 56050000 		.4byte	0x556
 720 0556 0D       		.uleb128 0xd
 721 0557 61050000 		.4byte	0x561
 722 055b 0E       		.uleb128 0xe
 723 055c CD000000 		.4byte	0xcd
 724 0560 00       		.byte	0
 725 0561 0B       		.uleb128 0xb
 726 0562 0B0A0000 		.4byte	.LASF116
 727 0566 04       		.byte	0x4
 728 0567 4402     		.2byte	0x244
 729 0569 6D050000 		.4byte	0x56d
 730 056d 0C       		.uleb128 0xc
 731 056e 04       		.byte	0x4
 732 056f 73050000 		.4byte	0x573
 733 0573 0F       		.uleb128 0xf
 734 0574 38050000 		.4byte	0x538
 735 0578 82050000 		.4byte	0x582
 736 057c 0E       		.uleb128 0xe
 737 057d CD000000 		.4byte	0xcd
 738 0581 00       		.byte	0
 739 0582 10       		.uleb128 0x10
 740 0583 93010000 		.4byte	.LASF140
 741 0587 4C       		.byte	0x4c
ARM GAS  C:\Users\yomat\AppData\Local\Temp\ccZbU7wk.s 			page 14


 742 0588 04       		.byte	0x4
 743 0589 C302     		.2byte	0x2c3
 744 058b A1060000 		.4byte	0x6a1
 745 058f 11       		.uleb128 0x11
 746 0590 0B0C0000 		.4byte	.LASF117
 747 0594 04       		.byte	0x4
 748 0595 C602     		.2byte	0x2c6
 749 0597 17050000 		.4byte	0x517
 750 059b 00       		.byte	0
 751 059c 11       		.uleb128 0x11
 752 059d 48050000 		.4byte	.LASF118
 753 05a1 04       		.byte	0x4
 754 05a2 C702     		.2byte	0x2c7
 755 05a4 17050000 		.4byte	0x517
 756 05a8 01       		.byte	0x1
 757 05a9 11       		.uleb128 0x11
 758 05aa 96020000 		.4byte	.LASF119
 759 05ae 04       		.byte	0x4
 760 05af C902     		.2byte	0x2c9
 761 05b1 D8000000 		.4byte	0xd8
 762 05b5 04       		.byte	0x4
 763 05b6 11       		.uleb128 0x11
 764 05b7 5C010000 		.4byte	.LASF120
 765 05bb 04       		.byte	0x4
 766 05bc CB02     		.2byte	0x2cb
 767 05be D8000000 		.4byte	0xd8
 768 05c2 08       		.byte	0x8
 769 05c3 11       		.uleb128 0x11
 770 05c4 EE090000 		.4byte	.LASF121
 771 05c8 04       		.byte	0x4
 772 05c9 CC02     		.2byte	0x2cc
 773 05cb 17050000 		.4byte	0x517
 774 05cf 0C       		.byte	0xc
 775 05d0 11       		.uleb128 0x11
 776 05d1 C3020000 		.4byte	.LASF122
 777 05d5 04       		.byte	0x4
 778 05d6 CD02     		.2byte	0x2cd
 779 05d8 17050000 		.4byte	0x517
 780 05dc 0D       		.byte	0xd
 781 05dd 11       		.uleb128 0x11
 782 05de 63000000 		.4byte	.LASF123
 783 05e2 04       		.byte	0x4
 784 05e3 CF02     		.2byte	0x2cf
 785 05e5 A1060000 		.4byte	0x6a1
 786 05e9 10       		.byte	0x10
 787 05ea 11       		.uleb128 0x11
 788 05eb AE090000 		.4byte	.LASF124
 789 05ef 04       		.byte	0x4
 790 05f0 D002     		.2byte	0x2d0
 791 05f2 CD000000 		.4byte	0xcd
 792 05f6 14       		.byte	0x14
 793 05f7 11       		.uleb128 0x11
 794 05f8 C6060000 		.4byte	.LASF125
 795 05fc 04       		.byte	0x4
 796 05fd D102     		.2byte	0x2d1
 797 05ff D8000000 		.4byte	0xd8
 798 0603 18       		.byte	0x18
ARM GAS  C:\Users\yomat\AppData\Local\Temp\ccZbU7wk.s 			page 15


 799 0604 11       		.uleb128 0x11
 800 0605 310A0000 		.4byte	.LASF126
 801 0609 04       		.byte	0x4
 802 060a D202     		.2byte	0x2d2
 803 060c D8000000 		.4byte	0xd8
 804 0610 1C       		.byte	0x1c
 805 0611 11       		.uleb128 0x11
 806 0612 B9000000 		.4byte	.LASF127
 807 0616 04       		.byte	0x4
 808 0617 D402     		.2byte	0x2d4
 809 0619 D8000000 		.4byte	0xd8
 810 061d 20       		.byte	0x20
 811 061e 11       		.uleb128 0x11
 812 061f A6040000 		.4byte	.LASF128
 813 0623 04       		.byte	0x4
 814 0624 D502     		.2byte	0x2d5
 815 0626 A7060000 		.4byte	0x6a7
 816 062a 24       		.byte	0x24
 817 062b 11       		.uleb128 0x11
 818 062c 630C0000 		.4byte	.LASF129
 819 0630 04       		.byte	0x4
 820 0631 D702     		.2byte	0x2d7
 821 0633 A1060000 		.4byte	0x6a1
 822 0637 28       		.byte	0x28
 823 0638 11       		.uleb128 0x11
 824 0639 710C0000 		.4byte	.LASF130
 825 063d 04       		.byte	0x4
 826 063e D802     		.2byte	0x2d8
 827 0640 CD000000 		.4byte	0xcd
 828 0644 2C       		.byte	0x2c
 829 0645 11       		.uleb128 0x11
 830 0646 89040000 		.4byte	.LASF131
 831 064a 04       		.byte	0x4
 832 064b D902     		.2byte	0x2d9
 833 064d D8000000 		.4byte	0xd8
 834 0651 30       		.byte	0x30
 835 0652 11       		.uleb128 0x11
 836 0653 400A0000 		.4byte	.LASF132
 837 0657 04       		.byte	0x4
 838 0658 DA02     		.2byte	0x2da
 839 065a D8000000 		.4byte	0xd8
 840 065e 34       		.byte	0x34
 841 065f 11       		.uleb128 0x11
 842 0660 52060000 		.4byte	.LASF133
 843 0664 04       		.byte	0x4
 844 0665 DC02     		.2byte	0x2dc
 845 0667 A1060000 		.4byte	0x6a1
 846 066b 38       		.byte	0x38
 847 066c 11       		.uleb128 0x11
 848 066d 81010000 		.4byte	.LASF134
 849 0671 04       		.byte	0x4
 850 0672 DD02     		.2byte	0x2dd
 851 0674 CD000000 		.4byte	0xcd
 852 0678 3C       		.byte	0x3c
 853 0679 11       		.uleb128 0x11
 854 067a 7E070000 		.4byte	.LASF135
 855 067e 04       		.byte	0x4
ARM GAS  C:\Users\yomat\AppData\Local\Temp\ccZbU7wk.s 			page 16


 856 067f DE02     		.2byte	0x2de
 857 0681 D8000000 		.4byte	0xd8
 858 0685 40       		.byte	0x40
 859 0686 11       		.uleb128 0x11
 860 0687 9C050000 		.4byte	.LASF136
 861 068b 04       		.byte	0x4
 862 068c E402     		.2byte	0x2e4
 863 068e 44050000 		.4byte	0x544
 864 0692 44       		.byte	0x44
 865 0693 11       		.uleb128 0x11
 866 0694 CA030000 		.4byte	.LASF137
 867 0698 04       		.byte	0x4
 868 0699 EB02     		.2byte	0x2eb
 869 069b 61050000 		.4byte	0x561
 870 069f 48       		.byte	0x48
 871 06a0 00       		.byte	0
 872 06a1 0C       		.uleb128 0xc
 873 06a2 04       		.byte	0x4
 874 06a3 A1000000 		.4byte	0xa1
 875 06a7 05       		.uleb128 0x5
 876 06a8 17050000 		.4byte	0x517
 877 06ac 0B       		.uleb128 0xb
 878 06ad A20A0000 		.4byte	.LASF138
 879 06b1 04       		.byte	0x4
 880 06b2 EE02     		.2byte	0x2ee
 881 06b4 82050000 		.4byte	0x582
 882 06b8 0B       		.uleb128 0xb
 883 06b9 FC040000 		.4byte	.LASF139
 884 06bd 05       		.byte	0x5
 885 06be D901     		.2byte	0x1d9
 886 06c0 50050000 		.4byte	0x550
 887 06c4 10       		.uleb128 0x10
 888 06c5 ED0D0000 		.4byte	.LASF141
 889 06c9 38       		.byte	0x38
 890 06ca 05       		.byte	0x5
 891 06cb 7502     		.2byte	0x275
 892 06cd 88070000 		.4byte	0x788
 893 06d1 11       		.uleb128 0x11
 894 06d2 3F050000 		.4byte	.LASF142
 895 06d6 05       		.byte	0x5
 896 06d7 7802     		.2byte	0x278
 897 06d9 D8000000 		.4byte	0xd8
 898 06dd 00       		.byte	0
 899 06de 11       		.uleb128 0x11
 900 06df 5A070000 		.4byte	.LASF143
 901 06e3 05       		.byte	0x5
 902 06e4 7902     		.2byte	0x279
 903 06e6 D8000000 		.4byte	0xd8
 904 06ea 04       		.byte	0x4
 905 06eb 11       		.uleb128 0x11
 906 06ec 3C010000 		.4byte	.LASF144
 907 06f0 05       		.byte	0x5
 908 06f1 7B02     		.2byte	0x27b
 909 06f3 15050000 		.4byte	0x515
 910 06f7 08       		.byte	0x8
 911 06f8 11       		.uleb128 0x11
 912 06f9 C8040000 		.4byte	.LASF145
ARM GAS  C:\Users\yomat\AppData\Local\Temp\ccZbU7wk.s 			page 17


 913 06fd 05       		.byte	0x5
 914 06fe 7C02     		.2byte	0x27c
 915 0700 CD000000 		.4byte	0xcd
 916 0704 0C       		.byte	0xc
 917 0705 11       		.uleb128 0x11
 918 0706 9F0B0000 		.4byte	.LASF146
 919 070a 05       		.byte	0x5
 920 070b 7D02     		.2byte	0x27d
 921 070d D8000000 		.4byte	0xd8
 922 0711 10       		.byte	0x10
 923 0712 11       		.uleb128 0x11
 924 0713 900D0000 		.4byte	.LASF147
 925 0717 05       		.byte	0x5
 926 0718 7E02     		.2byte	0x27e
 927 071a D8000000 		.4byte	0xd8
 928 071e 14       		.byte	0x14
 929 071f 11       		.uleb128 0x11
 930 0720 5D0C0000 		.4byte	.LASF148
 931 0724 05       		.byte	0x5
 932 0725 8002     		.2byte	0x280
 933 0727 15050000 		.4byte	0x515
 934 072b 18       		.byte	0x18
 935 072c 11       		.uleb128 0x11
 936 072d 28000000 		.4byte	.LASF149
 937 0731 05       		.byte	0x5
 938 0732 8102     		.2byte	0x281
 939 0734 CD000000 		.4byte	0xcd
 940 0738 1C       		.byte	0x1c
 941 0739 11       		.uleb128 0x11
 942 073a 01040000 		.4byte	.LASF150
 943 073e 05       		.byte	0x5
 944 073f 8202     		.2byte	0x282
 945 0741 D8000000 		.4byte	0xd8
 946 0745 20       		.byte	0x20
 947 0746 11       		.uleb128 0x11
 948 0747 69010000 		.4byte	.LASF151
 949 074b 05       		.byte	0x5
 950 074c 8402     		.2byte	0x284
 951 074e 15050000 		.4byte	0x515
 952 0752 24       		.byte	0x24
 953 0753 11       		.uleb128 0x11
 954 0754 2D040000 		.4byte	.LASF152
 955 0758 05       		.byte	0x5
 956 0759 8502     		.2byte	0x285
 957 075b CD000000 		.4byte	0xcd
 958 075f 28       		.byte	0x28
 959 0760 11       		.uleb128 0x11
 960 0761 A9080000 		.4byte	.LASF153
 961 0765 05       		.byte	0x5
 962 0766 8602     		.2byte	0x286
 963 0768 D8000000 		.4byte	0xd8
 964 076c 2C       		.byte	0x2c
 965 076d 11       		.uleb128 0x11
 966 076e 9C050000 		.4byte	.LASF136
 967 0772 05       		.byte	0x5
 968 0773 8B02     		.2byte	0x28b
 969 0775 B8060000 		.4byte	0x6b8
ARM GAS  C:\Users\yomat\AppData\Local\Temp\ccZbU7wk.s 			page 18


 970 0779 30       		.byte	0x30
 971 077a 11       		.uleb128 0x11
 972 077b 550C0000 		.4byte	.LASF154
 973 077f 05       		.byte	0x5
 974 0780 8E02     		.2byte	0x28e
 975 0782 CD000000 		.4byte	0xcd
 976 0786 34       		.byte	0x34
 977 0787 00       		.byte	0
 978 0788 0B       		.uleb128 0xb
 979 0789 830C0000 		.4byte	.LASF155
 980 078d 05       		.byte	0x5
 981 078e 9102     		.2byte	0x291
 982 0790 C4060000 		.4byte	0x6c4
 983 0794 12       		.uleb128 0x12
 984 0795 7E020000 		.4byte	.LASF156
 985 0799 64       		.byte	0x64
 986 079a 06       		.byte	0x6
 987 079b 2F       		.byte	0x2f
 988 079c CD080000 		.4byte	0x8cd
 989 07a0 07       		.uleb128 0x7
 990 07a1 BD0D0000 		.4byte	.LASF157
 991 07a5 06       		.byte	0x6
 992 07a6 31       		.byte	0x31
 993 07a7 CD000000 		.4byte	0xcd
 994 07ab 00       		.byte	0
 995 07ac 07       		.uleb128 0x7
 996 07ad 1D010000 		.4byte	.LASF158
 997 07b1 06       		.byte	0x6
 998 07b2 33       		.byte	0x33
 999 07b3 CD000000 		.4byte	0xcd
 1000 07b7 04       		.byte	0x4
 1001 07b8 07       		.uleb128 0x7
 1002 07b9 A1090000 		.4byte	.LASF159
 1003 07bd 06       		.byte	0x6
 1004 07be 34       		.byte	0x34
 1005 07bf CD000000 		.4byte	0xcd
 1006 07c3 08       		.byte	0x8
 1007 07c4 07       		.uleb128 0x7
 1008 07c5 2B060000 		.4byte	.LASF160
 1009 07c9 06       		.byte	0x6
 1010 07ca 35       		.byte	0x35
 1011 07cb CD000000 		.4byte	0xcd
 1012 07cf 0C       		.byte	0xc
 1013 07d0 07       		.uleb128 0x7
 1014 07d1 12000000 		.4byte	.LASF161
 1015 07d5 06       		.byte	0x6
 1016 07d6 36       		.byte	0x36
 1017 07d7 CD000000 		.4byte	0xcd
 1018 07db 10       		.byte	0x10
 1019 07dc 07       		.uleb128 0x7
 1020 07dd 220C0000 		.4byte	.LASF162
 1021 07e1 06       		.byte	0x6
 1022 07e2 37       		.byte	0x37
 1023 07e3 CD000000 		.4byte	0xcd
 1024 07e7 14       		.byte	0x14
 1025 07e8 07       		.uleb128 0x7
 1026 07e9 2A0C0000 		.4byte	.LASF163
ARM GAS  C:\Users\yomat\AppData\Local\Temp\ccZbU7wk.s 			page 19


 1027 07ed 06       		.byte	0x6
 1028 07ee 38       		.byte	0x38
 1029 07ef CD000000 		.4byte	0xcd
 1030 07f3 18       		.byte	0x18
 1031 07f4 07       		.uleb128 0x7
 1032 07f5 FA090000 		.4byte	.LASF164
 1033 07f9 06       		.byte	0x6
 1034 07fa 39       		.byte	0x39
 1035 07fb 17050000 		.4byte	0x517
 1036 07ff 1C       		.byte	0x1c
 1037 0800 07       		.uleb128 0x7
 1038 0801 BB0A0000 		.4byte	.LASF165
 1039 0805 06       		.byte	0x6
 1040 0806 3A       		.byte	0x3a
 1041 0807 CD000000 		.4byte	0xcd
 1042 080b 20       		.byte	0x20
 1043 080c 07       		.uleb128 0x7
 1044 080d C40A0000 		.4byte	.LASF166
 1045 0811 06       		.byte	0x6
 1046 0812 3B       		.byte	0x3b
 1047 0813 CD000000 		.4byte	0xcd
 1048 0817 24       		.byte	0x24
 1049 0818 07       		.uleb128 0x7
 1050 0819 6B090000 		.4byte	.LASF167
 1051 081d 06       		.byte	0x6
 1052 081e 3C       		.byte	0x3c
 1053 081f 17050000 		.4byte	0x517
 1054 0823 28       		.byte	0x28
 1055 0824 07       		.uleb128 0x7
 1056 0825 AD0B0000 		.4byte	.LASF168
 1057 0829 06       		.byte	0x6
 1058 082a 3E       		.byte	0x3e
 1059 082b CD000000 		.4byte	0xcd
 1060 082f 2C       		.byte	0x2c
 1061 0830 07       		.uleb128 0x7
 1062 0831 1E060000 		.4byte	.LASF169
 1063 0835 06       		.byte	0x6
 1064 0836 3F       		.byte	0x3f
 1065 0837 CD000000 		.4byte	0xcd
 1066 083b 30       		.byte	0x30
 1067 083c 07       		.uleb128 0x7
 1068 083d F80C0000 		.4byte	.LASF170
 1069 0841 06       		.byte	0x6
 1070 0842 40       		.byte	0x40
 1071 0843 CD000000 		.4byte	0xcd
 1072 0847 34       		.byte	0x34
 1073 0848 07       		.uleb128 0x7
 1074 0849 370D0000 		.4byte	.LASF171
 1075 084d 06       		.byte	0x6
 1076 084e 41       		.byte	0x41
 1077 084f CD000000 		.4byte	0xcd
 1078 0853 38       		.byte	0x38
 1079 0854 07       		.uleb128 0x7
 1080 0855 52050000 		.4byte	.LASF172
 1081 0859 06       		.byte	0x6
 1082 085a 42       		.byte	0x42
 1083 085b CD000000 		.4byte	0xcd
ARM GAS  C:\Users\yomat\AppData\Local\Temp\ccZbU7wk.s 			page 20


 1084 085f 3C       		.byte	0x3c
 1085 0860 07       		.uleb128 0x7
 1086 0861 270A0000 		.4byte	.LASF173
 1087 0865 06       		.byte	0x6
 1088 0866 44       		.byte	0x44
 1089 0867 CD000000 		.4byte	0xcd
 1090 086b 40       		.byte	0x40
 1091 086c 07       		.uleb128 0x7
 1092 086d 800D0000 		.4byte	.LASF174
 1093 0871 06       		.byte	0x6
 1094 0872 45       		.byte	0x45
 1095 0873 CD000000 		.4byte	0xcd
 1096 0877 44       		.byte	0x44
 1097 0878 07       		.uleb128 0x7
 1098 0879 BE0B0000 		.4byte	.LASF175
 1099 087d 06       		.byte	0x6
 1100 087e 47       		.byte	0x47
 1101 087f CD000000 		.4byte	0xcd
 1102 0883 48       		.byte	0x48
 1103 0884 07       		.uleb128 0x7
 1104 0885 FC080000 		.4byte	.LASF176
 1105 0889 06       		.byte	0x6
 1106 088a 48       		.byte	0x48
 1107 088b CD000000 		.4byte	0xcd
 1108 088f 4C       		.byte	0x4c
 1109 0890 07       		.uleb128 0x7
 1110 0891 630E0000 		.4byte	.LASF177
 1111 0895 06       		.byte	0x6
 1112 0896 4A       		.byte	0x4a
 1113 0897 CD000000 		.4byte	0xcd
 1114 089b 50       		.byte	0x50
 1115 089c 07       		.uleb128 0x7
 1116 089d 8E050000 		.4byte	.LASF178
 1117 08a1 06       		.byte	0x6
 1118 08a2 4B       		.byte	0x4b
 1119 08a3 CD000000 		.4byte	0xcd
 1120 08a7 54       		.byte	0x54
 1121 08a8 07       		.uleb128 0x7
 1122 08a9 59000000 		.4byte	.LASF179
 1123 08ad 06       		.byte	0x6
 1124 08ae 4D       		.byte	0x4d
 1125 08af CD000000 		.4byte	0xcd
 1126 08b3 58       		.byte	0x58
 1127 08b4 07       		.uleb128 0x7
 1128 08b5 43060000 		.4byte	.LASF180
 1129 08b9 06       		.byte	0x6
 1130 08ba 4E       		.byte	0x4e
 1131 08bb CD000000 		.4byte	0xcd
 1132 08bf 5C       		.byte	0x5c
 1133 08c0 07       		.uleb128 0x7
 1134 08c1 CD0A0000 		.4byte	.LASF181
 1135 08c5 06       		.byte	0x6
 1136 08c6 50       		.byte	0x50
 1137 08c7 CD000000 		.4byte	0xcd
 1138 08cb 60       		.byte	0x60
 1139 08cc 00       		.byte	0
 1140 08cd 04       		.uleb128 0x4
ARM GAS  C:\Users\yomat\AppData\Local\Temp\ccZbU7wk.s 			page 21


 1141 08ce 660D0000 		.4byte	.LASF182
 1142 08d2 06       		.byte	0x6
 1143 08d3 51       		.byte	0x51
 1144 08d4 94070000 		.4byte	0x794
 1145 08d8 13       		.uleb128 0x13
 1146 08d9 02       		.byte	0x2
 1147 08da 07       		.byte	0x7
 1148 08db 6401     		.2byte	0x164
 1149 08dd FC080000 		.4byte	0x8fc
 1150 08e1 11       		.uleb128 0x11
 1151 08e2 B40D0000 		.4byte	.LASF183
 1152 08e6 07       		.byte	0x7
 1153 08e7 6E01     		.2byte	0x16e
 1154 08e9 A1000000 		.4byte	0xa1
 1155 08ed 00       		.byte	0
 1156 08ee 11       		.uleb128 0x11
 1157 08ef 77060000 		.4byte	.LASF184
 1158 08f3 07       		.byte	0x7
 1159 08f4 7201     		.2byte	0x172
 1160 08f6 A1000000 		.4byte	0xa1
 1161 08fa 01       		.byte	0x1
 1162 08fb 00       		.byte	0
 1163 08fc 0B       		.uleb128 0xb
 1164 08fd C6010000 		.4byte	.LASF185
 1165 0901 07       		.byte	0x7
 1166 0902 7401     		.2byte	0x174
 1167 0904 D8080000 		.4byte	0x8d8
 1168 0908 14       		.uleb128 0x14
 1169 0909 01       		.byte	0x1
 1170 090a 4B000000 		.4byte	0x4b
 1171 090e 08       		.byte	0x8
 1172 090f 7E       		.byte	0x7e
 1173 0910 2D090000 		.4byte	0x92d
 1174 0914 0A       		.uleb128 0xa
 1175 0915 160D0000 		.4byte	.LASF186
 1176 0919 00       		.byte	0
 1177 091a 0A       		.uleb128 0xa
 1178 091b ED060000 		.4byte	.LASF187
 1179 091f 01       		.byte	0x1
 1180 0920 0A       		.uleb128 0xa
 1181 0921 400D0000 		.4byte	.LASF188
 1182 0925 02       		.byte	0x2
 1183 0926 0A       		.uleb128 0xa
 1184 0927 45020000 		.4byte	.LASF189
 1185 092b 03       		.byte	0x3
 1186 092c 00       		.byte	0
 1187 092d 04       		.uleb128 0x4
 1188 092e 7D090000 		.4byte	.LASF190
 1189 0932 08       		.byte	0x8
 1190 0933 83       		.byte	0x83
 1191 0934 08090000 		.4byte	0x908
 1192 0938 14       		.uleb128 0x14
 1193 0939 01       		.byte	0x1
 1194 093a 4B000000 		.4byte	0x4b
 1195 093e 08       		.byte	0x8
 1196 093f 87       		.byte	0x87
 1197 0940 75090000 		.4byte	0x975
ARM GAS  C:\Users\yomat\AppData\Local\Temp\ccZbU7wk.s 			page 22


 1198 0944 0A       		.uleb128 0xa
 1199 0945 9D0C0000 		.4byte	.LASF191
 1200 0949 00       		.byte	0
 1201 094a 0A       		.uleb128 0xa
 1202 094b 0B0E0000 		.4byte	.LASF192
 1203 094f 01       		.byte	0x1
 1204 0950 0A       		.uleb128 0xa
 1205 0951 6D040000 		.4byte	.LASF193
 1206 0955 02       		.byte	0x2
 1207 0956 0A       		.uleb128 0xa
 1208 0957 CA0B0000 		.4byte	.LASF194
 1209 095b 03       		.byte	0x3
 1210 095c 0A       		.uleb128 0xa
 1211 095d DD0A0000 		.4byte	.LASF195
 1212 0961 04       		.byte	0x4
 1213 0962 0A       		.uleb128 0xa
 1214 0963 D2080000 		.4byte	.LASF196
 1215 0967 05       		.byte	0x5
 1216 0968 0A       		.uleb128 0xa
 1217 0969 510A0000 		.4byte	.LASF197
 1218 096d 06       		.byte	0x6
 1219 096e 0A       		.uleb128 0xa
 1220 096f 42080000 		.4byte	.LASF198
 1221 0973 07       		.byte	0x7
 1222 0974 00       		.byte	0
 1223 0975 04       		.uleb128 0x4
 1224 0976 D6060000 		.4byte	.LASF199
 1225 097a 08       		.byte	0x8
 1226 097b 90       		.byte	0x90
 1227 097c 38090000 		.4byte	0x938
 1228 0980 15       		.uleb128 0x15
 1229 0981 7D080000 		.4byte	.LASF200
 1230 0985 03       		.byte	0x3
 1231 0986 A7       		.byte	0xa7
 1232 0987 8B090000 		.4byte	0x98b
 1233 098b 0C       		.uleb128 0xc
 1234 098c 04       		.byte	0x4
 1235 098d 91090000 		.4byte	0x991
 1236 0991 16       		.uleb128 0x16
 1237 0992 F5040000 		.4byte	0x4f5
 1238 0996 17       		.uleb128 0x17
 1239 0997 35090000 		.4byte	.LASF201
 1240 099b 09       		.byte	0x9
 1241 099c F907     		.2byte	0x7f9
 1242 099e A2090000 		.4byte	0x9a2
 1243 09a2 05       		.uleb128 0x5
 1244 09a3 C2000000 		.4byte	0xc2
 1245 09a7 17       		.uleb128 0x17
 1246 09a8 670B0000 		.4byte	.LASF202
 1247 09ac 08       		.byte	0x8
 1248 09ad 2202     		.2byte	0x222
 1249 09af 2D090000 		.4byte	0x92d
 1250 09b3 18       		.uleb128 0x18
 1251 09b4 FC080000 		.4byte	0x8fc
 1252 09b8 C3090000 		.4byte	0x9c3
 1253 09bc 19       		.uleb128 0x19
 1254 09bd DD000000 		.4byte	0xdd
ARM GAS  C:\Users\yomat\AppData\Local\Temp\ccZbU7wk.s 			page 23


 1255 09c1 00       		.byte	0
 1256 09c2 00       		.byte	0
 1257 09c3 17       		.uleb128 0x17
 1258 09c4 BC0C0000 		.4byte	.LASF203
 1259 09c8 08       		.byte	0x8
 1260 09c9 2C02     		.2byte	0x22c
 1261 09cb B3090000 		.4byte	0x9b3
 1262 09cf 18       		.uleb128 0x18
 1263 09d0 75090000 		.4byte	0x975
 1264 09d4 DF090000 		.4byte	0x9df
 1265 09d8 19       		.uleb128 0x19
 1266 09d9 DD000000 		.4byte	0xdd
 1267 09dd 00       		.byte	0
 1268 09de 00       		.byte	0
 1269 09df 17       		.uleb128 0x17
 1270 09e0 7D050000 		.4byte	.LASF204
 1271 09e4 08       		.byte	0x8
 1272 09e5 2D02     		.2byte	0x22d
 1273 09e7 CF090000 		.4byte	0x9cf
 1274 09eb 17       		.uleb128 0x17
 1275 09ec 310B0000 		.4byte	.LASF205
 1276 09f0 08       		.byte	0x8
 1277 09f1 5202     		.2byte	0x252
 1278 09f3 A1000000 		.4byte	0xa1
 1279 09f7 15       		.uleb128 0x15
 1280 09f8 1B050000 		.4byte	.LASF206
 1281 09fc 0A       		.byte	0xa
 1282 09fd 87       		.byte	0x87
 1283 09fe 88070000 		.4byte	0x788
 1284 0a02 15       		.uleb128 0x15
 1285 0a03 940A0000 		.4byte	.LASF207
 1286 0a07 0B       		.byte	0xb
 1287 0a08 7F       		.byte	0x7f
 1288 0a09 AC060000 		.4byte	0x6ac
 1289 0a0d 15       		.uleb128 0x15
 1290 0a0e 320C0000 		.4byte	.LASF208
 1291 0a12 0C       		.byte	0xc
 1292 0a13 7F       		.byte	0x7f
 1293 0a14 AC060000 		.4byte	0x6ac
 1294 0a18 15       		.uleb128 0x15
 1295 0a19 CB090000 		.4byte	.LASF209
 1296 0a1d 0D       		.byte	0xd
 1297 0a1e 1F       		.byte	0x1f
 1298 0a1f 230A0000 		.4byte	0xa23
 1299 0a23 16       		.uleb128 0x16
 1300 0a24 CD080000 		.4byte	0x8cd
 1301 0a28 15       		.uleb128 0x15
 1302 0a29 260B0000 		.4byte	.LASF210
 1303 0a2d 0E       		.byte	0xe
 1304 0a2e 1F       		.byte	0x1f
 1305 0a2f 230A0000 		.4byte	0xa23
 1306 0a33 15       		.uleb128 0x15
 1307 0a34 00020000 		.4byte	.LASF211
 1308 0a38 0F       		.byte	0xf
 1309 0a39 1F       		.byte	0x1f
 1310 0a3a 230A0000 		.4byte	0xa23
 1311 0a3e 15       		.uleb128 0x15
ARM GAS  C:\Users\yomat\AppData\Local\Temp\ccZbU7wk.s 			page 24


 1312 0a3f A0060000 		.4byte	.LASF212
 1313 0a43 10       		.byte	0x10
 1314 0a44 1F       		.byte	0x1f
 1315 0a45 230A0000 		.4byte	0xa23
 1316 0a49 00       		.byte	0
 1317              		.section	.debug_abbrev,"",%progbits
 1318              	.Ldebug_abbrev0:
 1319 0000 01       		.uleb128 0x1
 1320 0001 11       		.uleb128 0x11
 1321 0002 01       		.byte	0x1
 1322 0003 25       		.uleb128 0x25
 1323 0004 0E       		.uleb128 0xe
 1324 0005 13       		.uleb128 0x13
 1325 0006 0B       		.uleb128 0xb
 1326 0007 03       		.uleb128 0x3
 1327 0008 0E       		.uleb128 0xe
 1328 0009 1B       		.uleb128 0x1b
 1329 000a 0E       		.uleb128 0xe
 1330 000b 10       		.uleb128 0x10
 1331 000c 17       		.uleb128 0x17
 1332 000d 00       		.byte	0
 1333 000e 00       		.byte	0
 1334 000f 02       		.uleb128 0x2
 1335 0010 24       		.uleb128 0x24
 1336 0011 00       		.byte	0
 1337 0012 0B       		.uleb128 0xb
 1338 0013 0B       		.uleb128 0xb
 1339 0014 3E       		.uleb128 0x3e
 1340 0015 0B       		.uleb128 0xb
 1341 0016 03       		.uleb128 0x3
 1342 0017 08       		.uleb128 0x8
 1343 0018 00       		.byte	0
 1344 0019 00       		.byte	0
 1345 001a 03       		.uleb128 0x3
 1346 001b 24       		.uleb128 0x24
 1347 001c 00       		.byte	0
 1348 001d 0B       		.uleb128 0xb
 1349 001e 0B       		.uleb128 0xb
 1350 001f 3E       		.uleb128 0x3e
 1351 0020 0B       		.uleb128 0xb
 1352 0021 03       		.uleb128 0x3
 1353 0022 0E       		.uleb128 0xe
 1354 0023 00       		.byte	0
 1355 0024 00       		.byte	0
 1356 0025 04       		.uleb128 0x4
 1357 0026 16       		.uleb128 0x16
 1358 0027 00       		.byte	0
 1359 0028 03       		.uleb128 0x3
 1360 0029 0E       		.uleb128 0xe
 1361 002a 3A       		.uleb128 0x3a
 1362 002b 0B       		.uleb128 0xb
 1363 002c 3B       		.uleb128 0x3b
 1364 002d 0B       		.uleb128 0xb
 1365 002e 49       		.uleb128 0x49
 1366 002f 13       		.uleb128 0x13
 1367 0030 00       		.byte	0
 1368 0031 00       		.byte	0
ARM GAS  C:\Users\yomat\AppData\Local\Temp\ccZbU7wk.s 			page 25


 1369 0032 05       		.uleb128 0x5
 1370 0033 35       		.uleb128 0x35
 1371 0034 00       		.byte	0
 1372 0035 49       		.uleb128 0x49
 1373 0036 13       		.uleb128 0x13
 1374 0037 00       		.byte	0
 1375 0038 00       		.byte	0
 1376 0039 06       		.uleb128 0x6
 1377 003a 13       		.uleb128 0x13
 1378 003b 01       		.byte	0x1
 1379 003c 0B       		.uleb128 0xb
 1380 003d 0B       		.uleb128 0xb
 1381 003e 3A       		.uleb128 0x3a
 1382 003f 0B       		.uleb128 0xb
 1383 0040 3B       		.uleb128 0x3b
 1384 0041 0B       		.uleb128 0xb
 1385 0042 01       		.uleb128 0x1
 1386 0043 13       		.uleb128 0x13
 1387 0044 00       		.byte	0
 1388 0045 00       		.byte	0
 1389 0046 07       		.uleb128 0x7
 1390 0047 0D       		.uleb128 0xd
 1391 0048 00       		.byte	0
 1392 0049 03       		.uleb128 0x3
 1393 004a 0E       		.uleb128 0xe
 1394 004b 3A       		.uleb128 0x3a
 1395 004c 0B       		.uleb128 0xb
 1396 004d 3B       		.uleb128 0x3b
 1397 004e 0B       		.uleb128 0xb
 1398 004f 49       		.uleb128 0x49
 1399 0050 13       		.uleb128 0x13
 1400 0051 38       		.uleb128 0x38
 1401 0052 0B       		.uleb128 0xb
 1402 0053 00       		.byte	0
 1403 0054 00       		.byte	0
 1404 0055 08       		.uleb128 0x8
 1405 0056 0F       		.uleb128 0xf
 1406 0057 00       		.byte	0
 1407 0058 0B       		.uleb128 0xb
 1408 0059 0B       		.uleb128 0xb
 1409 005a 00       		.byte	0
 1410 005b 00       		.byte	0
 1411 005c 09       		.uleb128 0x9
 1412 005d 04       		.uleb128 0x4
 1413 005e 01       		.byte	0x1
 1414 005f 0B       		.uleb128 0xb
 1415 0060 0B       		.uleb128 0xb
 1416 0061 49       		.uleb128 0x49
 1417 0062 13       		.uleb128 0x13
 1418 0063 3A       		.uleb128 0x3a
 1419 0064 0B       		.uleb128 0xb
 1420 0065 3B       		.uleb128 0x3b
 1421 0066 05       		.uleb128 0x5
 1422 0067 01       		.uleb128 0x1
 1423 0068 13       		.uleb128 0x13
 1424 0069 00       		.byte	0
 1425 006a 00       		.byte	0
ARM GAS  C:\Users\yomat\AppData\Local\Temp\ccZbU7wk.s 			page 26


 1426 006b 0A       		.uleb128 0xa
 1427 006c 28       		.uleb128 0x28
 1428 006d 00       		.byte	0
 1429 006e 03       		.uleb128 0x3
 1430 006f 0E       		.uleb128 0xe
 1431 0070 1C       		.uleb128 0x1c
 1432 0071 0B       		.uleb128 0xb
 1433 0072 00       		.byte	0
 1434 0073 00       		.byte	0
 1435 0074 0B       		.uleb128 0xb
 1436 0075 16       		.uleb128 0x16
 1437 0076 00       		.byte	0
 1438 0077 03       		.uleb128 0x3
 1439 0078 0E       		.uleb128 0xe
 1440 0079 3A       		.uleb128 0x3a
 1441 007a 0B       		.uleb128 0xb
 1442 007b 3B       		.uleb128 0x3b
 1443 007c 05       		.uleb128 0x5
 1444 007d 49       		.uleb128 0x49
 1445 007e 13       		.uleb128 0x13
 1446 007f 00       		.byte	0
 1447 0080 00       		.byte	0
 1448 0081 0C       		.uleb128 0xc
 1449 0082 0F       		.uleb128 0xf
 1450 0083 00       		.byte	0
 1451 0084 0B       		.uleb128 0xb
 1452 0085 0B       		.uleb128 0xb
 1453 0086 49       		.uleb128 0x49
 1454 0087 13       		.uleb128 0x13
 1455 0088 00       		.byte	0
 1456 0089 00       		.byte	0
 1457 008a 0D       		.uleb128 0xd
 1458 008b 15       		.uleb128 0x15
 1459 008c 01       		.byte	0x1
 1460 008d 27       		.uleb128 0x27
 1461 008e 19       		.uleb128 0x19
 1462 008f 01       		.uleb128 0x1
 1463 0090 13       		.uleb128 0x13
 1464 0091 00       		.byte	0
 1465 0092 00       		.byte	0
 1466 0093 0E       		.uleb128 0xe
 1467 0094 05       		.uleb128 0x5
 1468 0095 00       		.byte	0
 1469 0096 49       		.uleb128 0x49
 1470 0097 13       		.uleb128 0x13
 1471 0098 00       		.byte	0
 1472 0099 00       		.byte	0
 1473 009a 0F       		.uleb128 0xf
 1474 009b 15       		.uleb128 0x15
 1475 009c 01       		.byte	0x1
 1476 009d 27       		.uleb128 0x27
 1477 009e 19       		.uleb128 0x19
 1478 009f 49       		.uleb128 0x49
 1479 00a0 13       		.uleb128 0x13
 1480 00a1 01       		.uleb128 0x1
 1481 00a2 13       		.uleb128 0x13
 1482 00a3 00       		.byte	0
ARM GAS  C:\Users\yomat\AppData\Local\Temp\ccZbU7wk.s 			page 27


 1483 00a4 00       		.byte	0
 1484 00a5 10       		.uleb128 0x10
 1485 00a6 13       		.uleb128 0x13
 1486 00a7 01       		.byte	0x1
 1487 00a8 03       		.uleb128 0x3
 1488 00a9 0E       		.uleb128 0xe
 1489 00aa 0B       		.uleb128 0xb
 1490 00ab 0B       		.uleb128 0xb
 1491 00ac 3A       		.uleb128 0x3a
 1492 00ad 0B       		.uleb128 0xb
 1493 00ae 3B       		.uleb128 0x3b
 1494 00af 05       		.uleb128 0x5
 1495 00b0 01       		.uleb128 0x1
 1496 00b1 13       		.uleb128 0x13
 1497 00b2 00       		.byte	0
 1498 00b3 00       		.byte	0
 1499 00b4 11       		.uleb128 0x11
 1500 00b5 0D       		.uleb128 0xd
 1501 00b6 00       		.byte	0
 1502 00b7 03       		.uleb128 0x3
 1503 00b8 0E       		.uleb128 0xe
 1504 00b9 3A       		.uleb128 0x3a
 1505 00ba 0B       		.uleb128 0xb
 1506 00bb 3B       		.uleb128 0x3b
 1507 00bc 05       		.uleb128 0x5
 1508 00bd 49       		.uleb128 0x49
 1509 00be 13       		.uleb128 0x13
 1510 00bf 38       		.uleb128 0x38
 1511 00c0 0B       		.uleb128 0xb
 1512 00c1 00       		.byte	0
 1513 00c2 00       		.byte	0
 1514 00c3 12       		.uleb128 0x12
 1515 00c4 13       		.uleb128 0x13
 1516 00c5 01       		.byte	0x1
 1517 00c6 03       		.uleb128 0x3
 1518 00c7 0E       		.uleb128 0xe
 1519 00c8 0B       		.uleb128 0xb
 1520 00c9 0B       		.uleb128 0xb
 1521 00ca 3A       		.uleb128 0x3a
 1522 00cb 0B       		.uleb128 0xb
 1523 00cc 3B       		.uleb128 0x3b
 1524 00cd 0B       		.uleb128 0xb
 1525 00ce 01       		.uleb128 0x1
 1526 00cf 13       		.uleb128 0x13
 1527 00d0 00       		.byte	0
 1528 00d1 00       		.byte	0
 1529 00d2 13       		.uleb128 0x13
 1530 00d3 13       		.uleb128 0x13
 1531 00d4 01       		.byte	0x1
 1532 00d5 0B       		.uleb128 0xb
 1533 00d6 0B       		.uleb128 0xb
 1534 00d7 3A       		.uleb128 0x3a
 1535 00d8 0B       		.uleb128 0xb
 1536 00d9 3B       		.uleb128 0x3b
 1537 00da 05       		.uleb128 0x5
 1538 00db 01       		.uleb128 0x1
 1539 00dc 13       		.uleb128 0x13
ARM GAS  C:\Users\yomat\AppData\Local\Temp\ccZbU7wk.s 			page 28


 1540 00dd 00       		.byte	0
 1541 00de 00       		.byte	0
 1542 00df 14       		.uleb128 0x14
 1543 00e0 04       		.uleb128 0x4
 1544 00e1 01       		.byte	0x1
 1545 00e2 0B       		.uleb128 0xb
 1546 00e3 0B       		.uleb128 0xb
 1547 00e4 49       		.uleb128 0x49
 1548 00e5 13       		.uleb128 0x13
 1549 00e6 3A       		.uleb128 0x3a
 1550 00e7 0B       		.uleb128 0xb
 1551 00e8 3B       		.uleb128 0x3b
 1552 00e9 0B       		.uleb128 0xb
 1553 00ea 01       		.uleb128 0x1
 1554 00eb 13       		.uleb128 0x13
 1555 00ec 00       		.byte	0
 1556 00ed 00       		.byte	0
 1557 00ee 15       		.uleb128 0x15
 1558 00ef 34       		.uleb128 0x34
 1559 00f0 00       		.byte	0
 1560 00f1 03       		.uleb128 0x3
 1561 00f2 0E       		.uleb128 0xe
 1562 00f3 3A       		.uleb128 0x3a
 1563 00f4 0B       		.uleb128 0xb
 1564 00f5 3B       		.uleb128 0x3b
 1565 00f6 0B       		.uleb128 0xb
 1566 00f7 49       		.uleb128 0x49
 1567 00f8 13       		.uleb128 0x13
 1568 00f9 3F       		.uleb128 0x3f
 1569 00fa 19       		.uleb128 0x19
 1570 00fb 3C       		.uleb128 0x3c
 1571 00fc 19       		.uleb128 0x19
 1572 00fd 00       		.byte	0
 1573 00fe 00       		.byte	0
 1574 00ff 16       		.uleb128 0x16
 1575 0100 26       		.uleb128 0x26
 1576 0101 00       		.byte	0
 1577 0102 49       		.uleb128 0x49
 1578 0103 13       		.uleb128 0x13
 1579 0104 00       		.byte	0
 1580 0105 00       		.byte	0
 1581 0106 17       		.uleb128 0x17
 1582 0107 34       		.uleb128 0x34
 1583 0108 00       		.byte	0
 1584 0109 03       		.uleb128 0x3
 1585 010a 0E       		.uleb128 0xe
 1586 010b 3A       		.uleb128 0x3a
 1587 010c 0B       		.uleb128 0xb
 1588 010d 3B       		.uleb128 0x3b
 1589 010e 05       		.uleb128 0x5
 1590 010f 49       		.uleb128 0x49
 1591 0110 13       		.uleb128 0x13
 1592 0111 3F       		.uleb128 0x3f
 1593 0112 19       		.uleb128 0x19
 1594 0113 3C       		.uleb128 0x3c
 1595 0114 19       		.uleb128 0x19
 1596 0115 00       		.byte	0
ARM GAS  C:\Users\yomat\AppData\Local\Temp\ccZbU7wk.s 			page 29


 1597 0116 00       		.byte	0
 1598 0117 18       		.uleb128 0x18
 1599 0118 01       		.uleb128 0x1
 1600 0119 01       		.byte	0x1
 1601 011a 49       		.uleb128 0x49
 1602 011b 13       		.uleb128 0x13
 1603 011c 01       		.uleb128 0x1
 1604 011d 13       		.uleb128 0x13
 1605 011e 00       		.byte	0
 1606 011f 00       		.byte	0
 1607 0120 19       		.uleb128 0x19
 1608 0121 21       		.uleb128 0x21
 1609 0122 00       		.byte	0
 1610 0123 49       		.uleb128 0x49
 1611 0124 13       		.uleb128 0x13
 1612 0125 2F       		.uleb128 0x2f
 1613 0126 0B       		.uleb128 0xb
 1614 0127 00       		.byte	0
 1615 0128 00       		.byte	0
 1616 0129 00       		.byte	0
 1617              		.section	.debug_aranges,"",%progbits
 1618 0000 14000000 		.4byte	0x14
 1619 0004 0200     		.2byte	0x2
 1620 0006 00000000 		.4byte	.Ldebug_info0
 1621 000a 04       		.byte	0x4
 1622 000b 00       		.byte	0
 1623 000c 0000     		.2byte	0
 1624 000e 0000     		.2byte	0
 1625 0010 00000000 		.4byte	0
 1626 0014 00000000 		.4byte	0
 1627              		.section	.debug_line,"",%progbits
 1628              	.Ldebug_line0:
 1629 0000 E7020000 		.section	.debug_str,"MS",%progbits,1
 1629      0200E102 
 1629      00000201 
 1629      FB0E0D00 
 1629      01010101 
 1630              	.LASF56:
 1631 0000 70726F74 		.ascii	"protBusMasterMask\000"
 1631      4275734D 
 1631      61737465 
 1631      724D6173 
 1631      6B00
 1632              	.LASF161:
 1633 0012 72756E4D 		.ascii	"runMode\000"
 1633      6F646500 
 1634              	.LASF49:
 1635 001a 73727373 		.ascii	"srssNumHfroot\000"
 1635      4E756D48 
 1635      66726F6F 
 1635      7400
 1636              	.LASF149:
 1637 0028 72784275 		.ascii	"rxBufSize\000"
 1637      6653697A 
 1637      6500
 1638              	.LASF66:
 1639 0032 666C6173 		.ascii	"flashCtlMainWs3Freq\000"
ARM GAS  C:\Users\yomat\AppData\Local\Temp\ccZbU7wk.s 			page 30


 1639      6843746C 
 1639      4D61696E 
 1639      57733346 
 1639      72657100 
 1640              	.LASF88:
 1641 0046 6770696F 		.ascii	"gpioPrtCfgInOffset\000"
 1641      50727443 
 1641      6667496E 
 1641      4F666673 
 1641      657400
 1642              	.LASF179:
 1643 0059 6B696C6C 		.ascii	"killInput\000"
 1643      496E7075 
 1643      7400
 1644              	.LASF123:
 1645 0063 6D617374 		.ascii	"masterBuffer\000"
 1645      65724275 
 1645      66666572 
 1645      00
 1646              	.LASF32:
 1647 0070 63727970 		.ascii	"cryptoVersion\000"
 1647      746F5665 
 1647      7273696F 
 1647      6E00
 1648              	.LASF50:
 1649 007e 70657269 		.ascii	"periClockNr\000"
 1649      436C6F63 
 1649      6B4E7200 
 1650              	.LASF28:
 1651 008a 70617373 		.ascii	"passBase\000"
 1651      42617365 
 1651      00
 1652              	.LASF104:
 1653 0093 63707573 		.ascii	"cpussRam2Ctl0\000"
 1653      7352616D 
 1653      3243746C 
 1653      3000
 1654              	.LASF41:
 1655 00a1 63707573 		.ascii	"cpussIpcIrqNr\000"
 1655      73497063 
 1655      4972714E 
 1655      7200
 1656              	.LASF5:
 1657 00af 5F5F7569 		.ascii	"__uint8_t\000"
 1657      6E74385F 
 1657      7400
 1658              	.LASF127:
 1659 00b9 736C6176 		.ascii	"slaveStatus\000"
 1659      65537461 
 1659      74757300 
 1660              	.LASF43:
 1661 00c5 63707573 		.ascii	"cpussFlashPaSize\000"
 1661      73466C61 
 1661      73685061 
 1661      53697A65 
 1661      00
 1662              	.LASF92:
ARM GAS  C:\Users\yomat\AppData\Local\Temp\ccZbU7wk.s 			page 31


 1663 00d6 63707573 		.ascii	"cpussCm4ClockCtlOffset\000"
 1663      73436D34 
 1663      436C6F63 
 1663      6B43746C 
 1663      4F666673 
 1664              	.LASF21:
 1665 00ed 63707573 		.ascii	"cpussBase\000"
 1665      73426173 
 1665      6500
 1666              	.LASF70:
 1667 00f7 64774368 		.ascii	"dwChCtlPrioPos\000"
 1667      43746C50 
 1667      72696F50 
 1667      6F7300
 1668              	.LASF14:
 1669 0106 6C6F6E67 		.ascii	"long long unsigned int\000"
 1669      206C6F6E 
 1669      6720756E 
 1669      7369676E 
 1669      65642069 
 1670              	.LASF158:
 1671 011d 636C6F63 		.ascii	"clockPrescaler\000"
 1671      6B507265 
 1671      7363616C 
 1671      657200
 1672              	.LASF74:
 1673 012c 70657269 		.ascii	"periTrCmdOffset\000"
 1673      5472436D 
 1673      644F6666 
 1673      73657400 
 1674              	.LASF144:
 1675 013c 72785269 		.ascii	"rxRingBuf\000"
 1675      6E674275 
 1675      6600
 1676              	.LASF98:
 1677 0146 63707573 		.ascii	"cpussSysTickCtlOffset\000"
 1677      73537973 
 1677      5469636B 
 1677      43746C4F 
 1677      66667365 
 1678              	.LASF120:
 1679 015c 6D617374 		.ascii	"masterStatus\000"
 1679      65725374 
 1679      61747573 
 1679      00
 1680              	.LASF151:
 1681 0169 74784275 		.ascii	"txBuf\000"
 1681      6600
 1682              	.LASF59:
 1683 016f 666C6173 		.ascii	"flashPipeRequired\000"
 1683      68506970 
 1683      65526571 
 1683      75697265 
 1683      6400
 1684              	.LASF134:
 1685 0181 736C6176 		.ascii	"slaveRxBufferSize\000"
 1685      65527842 
ARM GAS  C:\Users\yomat\AppData\Local\Temp\ccZbU7wk.s 			page 32


 1685      75666665 
 1685      7253697A 
 1685      6500
 1686              	.LASF140:
 1687 0193 63795F73 		.ascii	"cy_stc_scb_i2c_context\000"
 1687      74635F73 
 1687      63625F69 
 1687      32635F63 
 1687      6F6E7465 
 1688              	.LASF63:
 1689 01aa 666C6173 		.ascii	"flashCtlMainWs0Freq\000"
 1689      6843746C 
 1689      4D61696E 
 1689      57733046 
 1689      72657100 
 1690              	.LASF16:
 1691 01be 696E7431 		.ascii	"int16_t\000"
 1691      365F7400 
 1692              	.LASF185:
 1693 01c6 63795F73 		.ascii	"cy_stc_ble_conn_handle_t\000"
 1693      74635F62 
 1693      6C655F63 
 1693      6F6E6E5F 
 1693      68616E64 
 1694              	.LASF3:
 1695 01df 7369676E 		.ascii	"signed char\000"
 1695      65642063 
 1695      68617200 
 1696              	.LASF79:
 1697 01eb 70657269 		.ascii	"periDivCmdTypeSelPos\000"
 1697      44697643 
 1697      6D645479 
 1697      70655365 
 1697      6C506F73 
 1698              	.LASF211:
 1699 0200 50574D5F 		.ascii	"PWM_CYC_config\000"
 1699      4359435F 
 1699      636F6E66 
 1699      696700
 1700              	.LASF96:
 1701 020f 63707573 		.ascii	"cpussTrimRamCtlOffset\000"
 1701      73547269 
 1701      6D52616D 
 1701      43746C4F 
 1701      66667365 
 1702              	.LASF37:
 1703 0225 69706356 		.ascii	"ipcVersion\000"
 1703      65727369 
 1703      6F6E00
 1704              	.LASF99:
 1705 0230 63707573 		.ascii	"cpussCm0NmiCtlOffset\000"
 1705      73436D30 
 1705      4E6D6943 
 1705      746C4F66 
 1705      66736574 
 1706              	.LASF189:
 1707 0245 43595F42 		.ascii	"CY_BLE_ADV_STATE_STOP_INITIATED\000"
ARM GAS  C:\Users\yomat\AppData\Local\Temp\ccZbU7wk.s 			page 33


 1707      4C455F41 
 1707      44565F53 
 1707      54415445 
 1707      5F53544F 
 1708              	.LASF47:
 1709 0265 73727373 		.ascii	"srssNumClkpath\000"
 1709      4E756D43 
 1709      6C6B7061 
 1709      746800
 1710              	.LASF26:
 1711 0274 6873696F 		.ascii	"hsiomBase\000"
 1711      6D426173 
 1711      6500
 1712              	.LASF156:
 1713 027e 63795F73 		.ascii	"cy_stc_tcpwm_pwm_config\000"
 1713      74635F74 
 1713      6370776D 
 1713      5F70776D 
 1713      5F636F6E 
 1714              	.LASF119:
 1715 0296 73746174 		.ascii	"state\000"
 1715      6500
 1716              	.LASF115:
 1717 029c 63795F63 		.ascii	"cy_cb_scb_i2c_handle_events_t\000"
 1717      625F7363 
 1717      625F6932 
 1717      635F6861 
 1717      6E646C65 
 1718              	.LASF11:
 1719 02ba 6C6F6E67 		.ascii	"long int\000"
 1719      20696E74 
 1719      00
 1720              	.LASF122:
 1721 02c3 6D617374 		.ascii	"masterRdDir\000"
 1721      65725264 
 1721      44697200 
 1722              	.LASF113:
 1723 02cf 43595F53 		.ascii	"CY_SCB_I2C_NAK\000"
 1723      43425F49 
 1723      32435F4E 
 1723      414B00
 1724              	.LASF57:
 1725 02de 63727970 		.ascii	"cryptoMemSize\000"
 1725      746F4D65 
 1725      6D53697A 
 1725      6500
 1726              	.LASF86:
 1727 02ec 6770696F 		.ascii	"gpioPrtIntrCfgOffset\000"
 1727      50727449 
 1727      6E747243 
 1727      66674F66 
 1727      66736574 
 1728              	.LASF23:
 1729 0301 70657269 		.ascii	"periBase\000"
 1729      42617365 
 1729      00
 1730              	.LASF55:
ARM GAS  C:\Users\yomat\AppData\Local\Temp\ccZbU7wk.s 			page 34


 1731 030a 73797350 		.ascii	"sysPmSimoPresent\000"
 1731      6D53696D 
 1731      6F507265 
 1731      73656E74 
 1731      00
 1732              	.LASF17:
 1733 031b 75696E74 		.ascii	"uint16_t\000"
 1733      31365F74 
 1733      00
 1734              	.LASF110:
 1735 0324 646F7562 		.ascii	"double\000"
 1735      6C6500
 1736              	.LASF84:
 1737 032b 70657269 		.ascii	"periDiv16_5CtlOffset\000"
 1737      44697631 
 1737      365F3543 
 1737      746C4F66 
 1737      66736574 
 1738              	.LASF48:
 1739 0340 73727373 		.ascii	"srssNumPll\000"
 1739      4E756D50 
 1739      6C6C00
 1740              	.LASF215:
 1741 034b 433A5C55 		.ascii	"C:\\Users\\yomat\\Documents\\PSoC Creator\\AFE_DevI"
 1741      73657273 
 1741      5C796F6D 
 1741      61745C44 
 1741      6F63756D 
 1742 0379 74656D31 		.ascii	"tem1\\AFE DevItem1.cydsn\000"
 1742      5C414645 
 1742      20446576 
 1742      4974656D 
 1742      312E6379 
 1743              	.LASF82:
 1744 0391 70657269 		.ascii	"periDiv8CtlOffset\000"
 1744      44697638 
 1744      43746C4F 
 1744      66667365 
 1744      7400
 1745              	.LASF9:
 1746 03a3 73686F72 		.ascii	"short unsigned int\000"
 1746      7420756E 
 1746      7369676E 
 1746      65642069 
 1746      6E7400
 1747              	.LASF89:
 1748 03b6 6770696F 		.ascii	"gpioPrtCfgOutOffset\000"
 1748      50727443 
 1748      66674F75 
 1748      744F6666 
 1748      73657400 
 1749              	.LASF137:
 1750 03ca 63624164 		.ascii	"cbAddr\000"
 1750      647200
 1751              	.LASF22:
 1752 03d1 666C6173 		.ascii	"flashcBase\000"
 1752      68634261 
ARM GAS  C:\Users\yomat\AppData\Local\Temp\ccZbU7wk.s 			page 35


 1752      736500
 1753              	.LASF12:
 1754 03dc 5F5F7569 		.ascii	"__uint32_t\000"
 1754      6E743332 
 1754      5F7400
 1755              	.LASF52:
 1756 03e7 70617373 		.ascii	"passSarChannels\000"
 1756      53617243 
 1756      68616E6E 
 1756      656C7300 
 1757              	.LASF6:
 1758 03f7 5F5F696E 		.ascii	"__int16_t\000"
 1758      7431365F 
 1758      7400
 1759              	.LASF150:
 1760 0401 72784275 		.ascii	"rxBufIdx\000"
 1760      66496478 
 1760      00
 1761              	.LASF1:
 1762 040a 6C6F6E67 		.ascii	"long long int\000"
 1762      206C6F6E 
 1762      6720696E 
 1762      7400
 1763              	.LASF95:
 1764 0418 63707573 		.ascii	"cpussCm4PwrCtlOffset\000"
 1764      73436D34 
 1764      50777243 
 1764      746C4F66 
 1764      66736574 
 1765              	.LASF152:
 1766 042d 74784275 		.ascii	"txBufSize\000"
 1766      6653697A 
 1766      6500
 1767              	.LASF90:
 1768 0437 6770696F 		.ascii	"gpioPrtCfgSioOffset\000"
 1768      50727443 
 1768      66675369 
 1768      6F4F6666 
 1768      73657400 
 1769              	.LASF94:
 1770 044b 63707573 		.ascii	"cpussCm0StatusOffset\000"
 1770      73436D30 
 1770      53746174 
 1770      75734F66 
 1770      66736574 
 1771              	.LASF0:
 1772 0460 756E7369 		.ascii	"unsigned int\000"
 1772      676E6564 
 1772      20696E74 
 1772      00
 1773              	.LASF193:
 1774 046d 43595F42 		.ascii	"CY_BLE_CONN_STATE_CONNECTED\000"
 1774      4C455F43 
 1774      4F4E4E5F 
 1774      53544154 
 1774      455F434F 
 1775              	.LASF131:
ARM GAS  C:\Users\yomat\AppData\Local\Temp\ccZbU7wk.s 			page 36


 1776 0489 736C6176 		.ascii	"slaveTxBufferIdx\000"
 1776      65547842 
 1776      75666665 
 1776      72496478 
 1776      00
 1777              	.LASF39:
 1778 049a 70726F74 		.ascii	"protVersion\000"
 1778      56657273 
 1778      696F6E00 
 1779              	.LASF128:
 1780 04a6 736C6176 		.ascii	"slaveRdBufEmpty\000"
 1780      65526442 
 1780      7566456D 
 1780      70747900 
 1781              	.LASF75:
 1782 04b6 70657269 		.ascii	"periTrCmdGrSelMsk\000"
 1782      5472436D 
 1782      64477253 
 1782      656C4D73 
 1782      6B00
 1783              	.LASF145:
 1784 04c8 72785269 		.ascii	"rxRingBufSize\000"
 1784      6E674275 
 1784      6653697A 
 1784      6500
 1785              	.LASF78:
 1786 04d6 70657269 		.ascii	"periDivCmdDivSelMsk\000"
 1786      44697643 
 1786      6D644469 
 1786      7653656C 
 1786      4D736B00 
 1787              	.LASF13:
 1788 04ea 6C6F6E67 		.ascii	"long unsigned int\000"
 1788      20756E73 
 1788      69676E65 
 1788      6420696E 
 1788      7400
 1789              	.LASF139:
 1790 04fc 63795F63 		.ascii	"cy_cb_scb_uart_handle_events_t\000"
 1790      625F7363 
 1790      625F7561 
 1790      72745F68 
 1790      616E646C 
 1791              	.LASF206:
 1792 051b 55415254 		.ascii	"UART_context\000"
 1792      5F636F6E 
 1792      74657874 
 1792      00
 1793              	.LASF40:
 1794 0528 63707573 		.ascii	"cpussIpcNr\000"
 1794      73497063 
 1794      4E7200
 1795              	.LASF42:
 1796 0533 63707573 		.ascii	"cpussDwChNr\000"
 1796      73447743 
 1796      684E7200 
 1797              	.LASF142:
ARM GAS  C:\Users\yomat\AppData\Local\Temp\ccZbU7wk.s 			page 37


 1798 053f 74785374 		.ascii	"txStatus\000"
 1798      61747573 
 1798      00
 1799              	.LASF118:
 1800 0548 75736554 		.ascii	"useTxFifo\000"
 1800      78466966 
 1800      6F00
 1801              	.LASF172:
 1802 0552 73776170 		.ascii	"swapInputMode\000"
 1802      496E7075 
 1802      744D6F64 
 1802      6500
 1803              	.LASF76:
 1804 0560 70657269 		.ascii	"periTrGrOffset\000"
 1804      54724772 
 1804      4F666673 
 1804      657400
 1805              	.LASF103:
 1806 056f 63707573 		.ascii	"cpussRam1Ctl0\000"
 1806      7352616D 
 1806      3143746C 
 1806      3000
 1807              	.LASF204:
 1808 057d 63795F62 		.ascii	"cy_ble_connState\000"
 1808      6C655F63 
 1808      6F6E6E53 
 1808      74617465 
 1808      00
 1809              	.LASF178:
 1810 058e 6B696C6C 		.ascii	"killInputMode\000"
 1810      496E7075 
 1810      744D6F64 
 1810      6500
 1811              	.LASF136:
 1812 059c 63624576 		.ascii	"cbEvents\000"
 1812      656E7473 
 1812      00
 1813              	.LASF214:
 1814 05a5 47656E65 		.ascii	"Generated_Source\\PSoC6\\pdl\\rtos\\FreeRTOS\\10.0."
 1814      72617465 
 1814      645F536F 
 1814      75726365 
 1814      5C50536F 
 1815 05d3 315C536F 		.ascii	"1\\Source\\croutine.c\000"
 1815      75726365 
 1815      5C63726F 
 1815      7574696E 
 1815      652E6300 
 1816              	.LASF87:
 1817 05e7 6770696F 		.ascii	"gpioPrtCfgOffset\000"
 1817      50727443 
 1817      66674F66 
 1817      66736574 
 1817      00
 1818              	.LASF35:
 1819 05f8 6770696F 		.ascii	"gpioVersion\000"
 1819      56657273 
ARM GAS  C:\Users\yomat\AppData\Local\Temp\ccZbU7wk.s 			page 38


 1819      696F6E00 
 1820              	.LASF107:
 1821 0604 63795F73 		.ascii	"cy_stc_device_t\000"
 1821      74635F64 
 1821      65766963 
 1821      655F7400 
 1822              	.LASF7:
 1823 0614 73686F72 		.ascii	"short int\000"
 1823      7420696E 
 1823      7400
 1824              	.LASF169:
 1825 061e 696E7665 		.ascii	"invertPWMOut\000"
 1825      72745057 
 1825      4D4F7574 
 1825      00
 1826              	.LASF160:
 1827 062b 64656164 		.ascii	"deadTimeClocks\000"
 1827      54696D65 
 1827      436C6F63 
 1827      6B7300
 1828              	.LASF25:
 1829 063a 70726F74 		.ascii	"protBase\000"
 1829      42617365 
 1829      00
 1830              	.LASF180:
 1831 0643 636F756E 		.ascii	"countInputMode\000"
 1831      74496E70 
 1831      75744D6F 
 1831      646500
 1832              	.LASF133:
 1833 0652 736C6176 		.ascii	"slaveRxBuffer\000"
 1833      65527842 
 1833      75666665 
 1833      7200
 1834              	.LASF91:
 1835 0660 63707573 		.ascii	"cpussCm0ClockCtlOffset\000"
 1835      73436D30 
 1835      436C6F63 
 1835      6B43746C 
 1835      4F666673 
 1836              	.LASF184:
 1837 0677 61747449 		.ascii	"attId\000"
 1837      6400
 1838              	.LASF30:
 1839 067d 63727970 		.ascii	"cryptoBase\000"
 1839      746F4261 
 1839      736500
 1840              	.LASF114:
 1841 0688 63795F65 		.ascii	"cy_en_scb_i2c_command_t\000"
 1841      6E5F7363 
 1841      625F6932 
 1841      635F636F 
 1841      6D6D616E 
 1842              	.LASF212:
 1843 06a0 50574D5F 		.ascii	"PWM_TIM_config\000"
 1843      54494D5F 
 1843      636F6E66 
ARM GAS  C:\Users\yomat\AppData\Local\Temp\ccZbU7wk.s 			page 39


 1843      696700
 1844              	.LASF68:
 1845 06af 64774368 		.ascii	"dwChOffset\000"
 1845      4F666673 
 1845      657400
 1846              	.LASF2:
 1847 06ba 6C6F6E67 		.ascii	"long double\000"
 1847      20646F75 
 1847      626C6500 
 1848              	.LASF125:
 1849 06c6 6D617374 		.ascii	"masterBufferIdx\000"
 1849      65724275 
 1849      66666572 
 1849      49647800 
 1850              	.LASF199:
 1851 06d6 63795F65 		.ascii	"cy_en_ble_conn_state_t\000"
 1851      6E5F626C 
 1851      655F636F 
 1851      6E6E5F73 
 1851      74617465 
 1852              	.LASF187:
 1853 06ed 43595F42 		.ascii	"CY_BLE_ADV_STATE_ADV_INITIATED\000"
 1853      4C455F41 
 1853      44565F53 
 1853      54415445 
 1853      5F414456 
 1854              	.LASF81:
 1855 070c 70657269 		.ascii	"periDivCmdPaTypeSelPos\000"
 1855      44697643 
 1855      6D645061 
 1855      54797065 
 1855      53656C50 
 1856              	.LASF53:
 1857 0723 65704D6F 		.ascii	"epMonitorNr\000"
 1857      6E69746F 
 1857      724E7200 
 1858              	.LASF112:
 1859 072f 43595F53 		.ascii	"CY_SCB_I2C_ACK\000"
 1859      43425F49 
 1859      32435F41 
 1859      434B00
 1860              	.LASF72:
 1861 073e 64775374 		.ascii	"dwStatusChIdxPos\000"
 1861      61747573 
 1861      43684964 
 1861      78506F73 
 1861      00
 1862              	.LASF54:
 1863 074f 75646250 		.ascii	"udbPresent\000"
 1863      72657365 
 1863      6E7400
 1864              	.LASF143:
 1865 075a 72785374 		.ascii	"rxStatus\000"
 1865      61747573 
 1865      00
 1866              	.LASF34:
 1867 0763 666C6173 		.ascii	"flashcVersion\000"
ARM GAS  C:\Users\yomat\AppData\Local\Temp\ccZbU7wk.s 			page 40


 1867      68635665 
 1867      7273696F 
 1867      6E00
 1868              	.LASF51:
 1869 0771 736D6966 		.ascii	"smifDeviceNr\000"
 1869      44657669 
 1869      63654E72 
 1869      00
 1870              	.LASF135:
 1871 077e 736C6176 		.ascii	"slaveRxBufferIdx\000"
 1871      65527842 
 1871      75666665 
 1871      72496478 
 1871      00
 1872              	.LASF213:
 1873 078f 474E5520 		.ascii	"GNU C11 5.4.1 20160609 (release) [ARM/embedded-5-br"
 1873      43313120 
 1873      352E342E 
 1873      31203230 
 1873      31363036 
 1874 07c2 616E6368 		.ascii	"anch revision 237715] -mcpu=cortex-m4 -mfloat-abi=s"
 1874      20726576 
 1874      6973696F 
 1874      6E203233 
 1874      37373135 
 1875 07f5 6F667466 		.ascii	"oftfp -mfpu=fpv4-sp-d16 -mthumb -g -Og -ffunction-s"
 1875      70202D6D 
 1875      6670753D 
 1875      66707634 
 1875      2D73702D 
 1876 0828 65637469 		.ascii	"ections -ffat-lto-objects\000"
 1876      6F6E7320 
 1876      2D666661 
 1876      742D6C74 
 1876      6F2D6F62 
 1877              	.LASF198:
 1878 0842 43595F42 		.ascii	"CY_BLE_CONN_STATE_CLIENT_DISCOVERED\000"
 1878      4C455F43 
 1878      4F4E4E5F 
 1878      53544154 
 1878      455F434C 
 1879              	.LASF109:
 1880 0866 666C6F61 		.ascii	"float\000"
 1880      7400
 1881              	.LASF73:
 1882 086c 64775374 		.ascii	"dwStatusChIdxMsk\000"
 1882      61747573 
 1882      43684964 
 1882      784D736B 
 1882      00
 1883              	.LASF200:
 1884 087d 63795F64 		.ascii	"cy_device\000"
 1884      65766963 
 1884      6500
 1885              	.LASF101:
 1886 0887 63707573 		.ascii	"cpussRomCtl\000"
 1886      73526F6D 
ARM GAS  C:\Users\yomat\AppData\Local\Temp\ccZbU7wk.s 			page 41


 1886      43746C00 
 1887              	.LASF71:
 1888 0893 64774368 		.ascii	"dwChCtlPreemptablePos\000"
 1888      43746C50 
 1888      7265656D 
 1888      70746162 
 1888      6C65506F 
 1889              	.LASF153:
 1890 08a9 74784C65 		.ascii	"txLeftToTransmit\000"
 1890      6674546F 
 1890      5472616E 
 1890      736D6974 
 1890      00
 1891              	.LASF62:
 1892 08ba 666C6173 		.ascii	"flashEraseDelay\000"
 1892      68457261 
 1892      73654465 
 1892      6C617900 
 1893              	.LASF24:
 1894 08ca 75646242 		.ascii	"udbBase\000"
 1894      61736500 
 1895              	.LASF196:
 1896 08d2 43595F42 		.ascii	"CY_BLE_CONN_STATE_CLIENT_CHAR_DISCOVERING\000"
 1896      4C455F43 
 1896      4F4E4E5F 
 1896      53544154 
 1896      455F434C 
 1897              	.LASF176:
 1898 08fc 73746172 		.ascii	"startInputMode\000"
 1898      74496E70 
 1898      75744D6F 
 1898      646500
 1899              	.LASF18:
 1900 090b 696E7433 		.ascii	"int32_t\000"
 1900      325F7400 
 1901              	.LASF4:
 1902 0913 756E7369 		.ascii	"unsigned char\000"
 1902      676E6564 
 1902      20636861 
 1902      7200
 1903              	.LASF67:
 1904 0921 666C6173 		.ascii	"flashCtlMainWs4Freq\000"
 1904      6843746C 
 1904      4D61696E 
 1904      57733446 
 1904      72657100 
 1905              	.LASF201:
 1906 0935 49544D5F 		.ascii	"ITM_RxBuffer\000"
 1906      52784275 
 1906      66666572 
 1906      00
 1907              	.LASF106:
 1908 0942 6970634C 		.ascii	"ipcLockStatusOffset\000"
 1908      6F636B53 
 1908      74617475 
 1908      734F6666 
 1908      73657400 
ARM GAS  C:\Users\yomat\AppData\Local\Temp\ccZbU7wk.s 			page 42


 1909              	.LASF85:
 1910 0956 70657269 		.ascii	"periDiv24_5CtlOffset\000"
 1910      44697632 
 1910      345F3543 
 1910      746C4F66 
 1910      66736574 
 1911              	.LASF167:
 1912 096b 656E6162 		.ascii	"enableCompareSwap\000"
 1912      6C65436F 
 1912      6D706172 
 1912      65537761 
 1912      7000
 1913              	.LASF190:
 1914 097d 63795F65 		.ascii	"cy_en_ble_adv_state_t\000"
 1914      6E5F626C 
 1914      655F6164 
 1914      765F7374 
 1914      6174655F 
 1915              	.LASF102:
 1916 0993 63707573 		.ascii	"cpussRam0Ctl0\000"
 1916      7352616D 
 1916      3043746C 
 1916      3000
 1917              	.LASF159:
 1918 09a1 70776D41 		.ascii	"pwmAlignment\000"
 1918      6C69676E 
 1918      6D656E74 
 1918      00
 1919              	.LASF124:
 1920 09ae 6D617374 		.ascii	"masterBufferSize\000"
 1920      65724275 
 1920      66666572 
 1920      53697A65 
 1920      00
 1921              	.LASF38:
 1922 09bf 70657269 		.ascii	"periVersion\000"
 1922      56657273 
 1922      696F6E00 
 1923              	.LASF209:
 1924 09cb 50574D5F 		.ascii	"PWM_AFE_config\000"
 1924      4146455F 
 1924      636F6E66 
 1924      696700
 1925              	.LASF65:
 1926 09da 666C6173 		.ascii	"flashCtlMainWs2Freq\000"
 1926      6843746C 
 1926      4D61696E 
 1926      57733246 
 1926      72657100 
 1927              	.LASF121:
 1928 09ee 6D617374 		.ascii	"masterPause\000"
 1928      65725061 
 1928      75736500 
 1929              	.LASF164:
 1930 09fa 656E6162 		.ascii	"enablePeriodSwap\000"
 1930      6C655065 
 1930      72696F64 
ARM GAS  C:\Users\yomat\AppData\Local\Temp\ccZbU7wk.s 			page 43


 1930      53776170 
 1930      00
 1931              	.LASF116:
 1932 0a0b 63795F63 		.ascii	"cy_cb_scb_i2c_handle_addr_t\000"
 1932      625F7363 
 1932      625F6932 
 1932      635F6861 
 1932      6E646C65 
 1933              	.LASF173:
 1934 0a27 73776170 		.ascii	"swapInput\000"
 1934      496E7075 
 1934      7400
 1935              	.LASF126:
 1936 0a31 6D617374 		.ascii	"masterNumBytes\000"
 1936      65724E75 
 1936      6D427974 
 1936      657300
 1937              	.LASF132:
 1938 0a40 736C6176 		.ascii	"slaveTxBufferCnt\000"
 1938      65547842 
 1938      75666665 
 1938      72436E74 
 1938      00
 1939              	.LASF197:
 1940 0a51 43595F42 		.ascii	"CY_BLE_CONN_STATE_CLIENT_DESCR_DISCOVERING\000"
 1940      4C455F43 
 1940      4F4E4E5F 
 1940      53544154 
 1940      455F434C 
 1941              	.LASF45:
 1942 0a7c 63707573 		.ascii	"cpussFmIrq\000"
 1942      73466D49 
 1942      727100
 1943              	.LASF77:
 1944 0a87 70657269 		.ascii	"periTrGrSize\000"
 1944      54724772 
 1944      53697A65 
 1944      00
 1945              	.LASF207:
 1946 0a94 4932435F 		.ascii	"I2C_1_context\000"
 1946      315F636F 
 1946      6E746578 
 1946      7400
 1947              	.LASF138:
 1948 0aa2 63795F73 		.ascii	"cy_stc_scb_i2c_context_t\000"
 1948      74635F73 
 1948      63625F69 
 1948      32635F63 
 1948      6F6E7465 
 1949              	.LASF165:
 1950 0abb 636F6D70 		.ascii	"compare0\000"
 1950      61726530 
 1950      00
 1951              	.LASF166:
 1952 0ac4 636F6D70 		.ascii	"compare1\000"
 1952      61726531 
 1952      00
ARM GAS  C:\Users\yomat\AppData\Local\Temp\ccZbU7wk.s 			page 44


 1953              	.LASF181:
 1954 0acd 636F756E 		.ascii	"countInput\000"
 1954      74496E70 
 1954      757400
 1955              	.LASF108:
 1956 0ad8 63686172 		.ascii	"char\000"
 1956      00
 1957              	.LASF195:
 1958 0add 43595F42 		.ascii	"CY_BLE_CONN_STATE_CLIENT_INCL_DISCOVERING\000"
 1958      4C455F43 
 1958      4F4E4E5F 
 1958      53544154 
 1958      455F434C 
 1959              	.LASF64:
 1960 0b07 666C6173 		.ascii	"flashCtlMainWs1Freq\000"
 1960      6843746C 
 1960      4D61696E 
 1960      57733146 
 1960      72657100 
 1961              	.LASF8:
 1962 0b1b 5F5F7569 		.ascii	"__uint16_t\000"
 1962      6E743136 
 1962      5F7400
 1963              	.LASF210:
 1964 0b26 50574D5F 		.ascii	"PWM_config\000"
 1964      636F6E66 
 1964      696700
 1965              	.LASF205:
 1966 0b31 63795F62 		.ascii	"cy_ble_pendingFlashWrite\000"
 1966      6C655F70 
 1966      656E6469 
 1966      6E67466C 
 1966      61736857 
 1967              	.LASF83:
 1968 0b4a 70657269 		.ascii	"periDiv16CtlOffset\000"
 1968      44697631 
 1968      3643746C 
 1968      4F666673 
 1968      657400
 1969              	.LASF10:
 1970 0b5d 5F5F696E 		.ascii	"__int32_t\000"
 1970      7433325F 
 1970      7400
 1971              	.LASF202:
 1972 0b67 63795F62 		.ascii	"cy_ble_advState\000"
 1972      6C655F61 
 1972      64765374 
 1972      61746500 
 1973              	.LASF36:
 1974 0b77 6873696F 		.ascii	"hsiomVersion\000"
 1974      6D566572 
 1974      73696F6E 
 1974      00
 1975              	.LASF61:
 1976 0b84 666C6173 		.ascii	"flashProgramDelay\000"
 1976      6850726F 
 1976      6772616D 
ARM GAS  C:\Users\yomat\AppData\Local\Temp\ccZbU7wk.s 			page 45


 1976      44656C61 
 1976      7900
 1977              	.LASF27:
 1978 0b96 6770696F 		.ascii	"gpioBase\000"
 1978      42617365 
 1978      00
 1979              	.LASF146:
 1980 0b9f 72785269 		.ascii	"rxRingBufHead\000"
 1980      6E674275 
 1980      66486561 
 1980      6400
 1981              	.LASF168:
 1982 0bad 696E7465 		.ascii	"interruptSources\000"
 1982      72727570 
 1982      74536F75 
 1982      72636573 
 1982      00
 1983              	.LASF175:
 1984 0bbe 72656C6F 		.ascii	"reloadInput\000"
 1984      6164496E 
 1984      70757400 
 1985              	.LASF194:
 1986 0bca 43595F42 		.ascii	"CY_BLE_CONN_STATE_CLIENT_SRVC_DISCOVERING\000"
 1986      4C455F43 
 1986      4F4E4E5F 
 1986      53544154 
 1986      455F434C 
 1987              	.LASF69:
 1988 0bf4 64774368 		.ascii	"dwChSize\000"
 1988      53697A65 
 1988      00
 1989              	.LASF105:
 1990 0bfd 69706353 		.ascii	"ipcStructSize\000"
 1990      74727563 
 1990      7453697A 
 1990      6500
 1991              	.LASF117:
 1992 0c0b 75736552 		.ascii	"useRxFifo\000"
 1992      78466966 
 1992      6F00
 1993              	.LASF44:
 1994 0c15 63707573 		.ascii	"cpussIpc0Irq\000"
 1994      73497063 
 1994      30497271 
 1994      00
 1995              	.LASF162:
 1996 0c22 70657269 		.ascii	"period0\000"
 1996      6F643000 
 1997              	.LASF163:
 1998 0c2a 70657269 		.ascii	"period1\000"
 1998      6F643100 
 1999              	.LASF208:
 2000 0c32 4932435F 		.ascii	"I2C_2_context\000"
 2000      325F636F 
 2000      6E746578 
 2000      7400
 2001              	.LASF93:
ARM GAS  C:\Users\yomat\AppData\Local\Temp\ccZbU7wk.s 			page 46


 2002 0c40 63707573 		.ascii	"cpussCm4StatusOffset\000"
 2002      73436D34 
 2002      53746174 
 2002      75734F66 
 2002      66736574 
 2003              	.LASF154:
 2004 0c55 696E6974 		.ascii	"initKey\000"
 2004      4B657900 
 2005              	.LASF148:
 2006 0c5d 72784275 		.ascii	"rxBuf\000"
 2006      6600
 2007              	.LASF129:
 2008 0c63 736C6176 		.ascii	"slaveTxBuffer\000"
 2008      65547842 
 2008      75666665 
 2008      7200
 2009              	.LASF130:
 2010 0c71 736C6176 		.ascii	"slaveTxBufferSize\000"
 2010      65547842 
 2010      75666665 
 2010      7253697A 
 2010      6500
 2011              	.LASF155:
 2012 0c83 63795F73 		.ascii	"cy_stc_scb_uart_context_t\000"
 2012      74635F73 
 2012      63625F75 
 2012      6172745F 
 2012      636F6E74 
 2013              	.LASF191:
 2014 0c9d 43595F42 		.ascii	"CY_BLE_CONN_STATE_DISCONNECTED\000"
 2014      4C455F43 
 2014      4F4E4E5F 
 2014      53544154 
 2014      455F4449 
 2015              	.LASF203:
 2016 0cbc 63795F62 		.ascii	"cy_ble_connHandle\000"
 2016      6C655F63 
 2016      6F6E6E48 
 2016      616E646C 
 2016      6500
 2017              	.LASF46:
 2018 0cce 63707573 		.ascii	"cpussNotConnectedIrq\000"
 2018      734E6F74 
 2018      436F6E6E 
 2018      65637465 
 2018      64497271 
 2019              	.LASF100:
 2020 0ce3 63707573 		.ascii	"cpussCm4NmiCtlOffset\000"
 2020      73436D34 
 2020      4E6D6943 
 2020      746C4F66 
 2020      66736574 
 2021              	.LASF170:
 2022 0cf8 696E7665 		.ascii	"invertPWMOutN\000"
 2022      72745057 
 2022      4D4F7574 
 2022      4E00
ARM GAS  C:\Users\yomat\AppData\Local\Temp\ccZbU7wk.s 			page 47


 2023              	.LASF60:
 2024 0d06 666C6173 		.ascii	"flashWriteDelay\000"
 2024      68577269 
 2024      74654465 
 2024      6C617900 
 2025              	.LASF186:
 2026 0d16 43595F42 		.ascii	"CY_BLE_ADV_STATE_STOPPED\000"
 2026      4C455F41 
 2026      44565F53 
 2026      54415445 
 2026      5F53544F 
 2027              	.LASF15:
 2028 0d2f 75696E74 		.ascii	"uint8_t\000"
 2028      385F7400 
 2029              	.LASF171:
 2030 0d37 6B696C6C 		.ascii	"killMode\000"
 2030      4D6F6465 
 2030      00
 2031              	.LASF188:
 2032 0d40 43595F42 		.ascii	"CY_BLE_ADV_STATE_ADVERTISING\000"
 2032      4C455F41 
 2032      44565F53 
 2032      54415445 
 2032      5F414456 
 2033              	.LASF20:
 2034 0d5d 73697A65 		.ascii	"sizetype\000"
 2034      74797065 
 2034      00
 2035              	.LASF182:
 2036 0d66 63795F73 		.ascii	"cy_stc_tcpwm_pwm_config_t\000"
 2036      74635F74 
 2036      6370776D 
 2036      5F70776D 
 2036      5F636F6E 
 2037              	.LASF174:
 2038 0d80 72656C6F 		.ascii	"reloadInputMode\000"
 2038      6164496E 
 2038      7075744D 
 2038      6F646500 
 2039              	.LASF147:
 2040 0d90 72785269 		.ascii	"rxRingBufTail\000"
 2040      6E674275 
 2040      66546169 
 2040      6C00
 2041              	.LASF97:
 2042 0d9e 63707573 		.ascii	"cpussTrimRomCtlOffset\000"
 2042      73547269 
 2042      6D526F6D 
 2042      43746C4F 
 2042      66667365 
 2043              	.LASF183:
 2044 0db4 62644861 		.ascii	"bdHandle\000"
 2044      6E646C65 
 2044      00
 2045              	.LASF157:
 2046 0dbd 70776D4D 		.ascii	"pwmMode\000"
 2046      6F646500 
ARM GAS  C:\Users\yomat\AppData\Local\Temp\ccZbU7wk.s 			page 48


 2047              	.LASF33:
 2048 0dc5 64775665 		.ascii	"dwVersion\000"
 2048      7273696F 
 2048      6E00
 2049              	.LASF29:
 2050 0dcf 69706342 		.ascii	"ipcBase\000"
 2050      61736500 
 2051              	.LASF80:
 2052 0dd7 70657269 		.ascii	"periDivCmdPaDivSelPos\000"
 2052      44697643 
 2052      6D645061 
 2052      44697653 
 2052      656C506F 
 2053              	.LASF141:
 2054 0ded 63795F73 		.ascii	"cy_stc_scb_uart_context\000"
 2054      74635F73 
 2054      63625F75 
 2054      6172745F 
 2054      636F6E74 
 2055              	.LASF111:
 2056 0e05 5F426F6F 		.ascii	"_Bool\000"
 2056      6C00
 2057              	.LASF192:
 2058 0e0b 43595F42 		.ascii	"CY_BLE_CONN_STATE_CLIENT_DISCONNECTED_DISCOVERED\000"
 2058      4C455F43 
 2058      4F4E4E5F 
 2058      53544154 
 2058      455F434C 
 2059              	.LASF31:
 2060 0e3c 63707573 		.ascii	"cpussVersion\000"
 2060      73566572 
 2060      73696F6E 
 2060      00
 2061              	.LASF19:
 2062 0e49 75696E74 		.ascii	"uint32_t\000"
 2062      33325F74 
 2062      00
 2063              	.LASF58:
 2064 0e52 666C6173 		.ascii	"flashRwwRequired\000"
 2064      68527777 
 2064      52657175 
 2064      69726564 
 2064      00
 2065              	.LASF177:
 2066 0e63 73746172 		.ascii	"startInput\000"
 2066      74496E70 
 2066      757400
 2067              		.ident	"GCC: (GNU Tools for ARM Embedded Processors) 5.4.1 20160609 (release) [ARM/embedded-5-bran
